2019-11-13 10:53:02 [main] INFO  c.o.O.s.CustomSchedularConfigurer -  - hello world, I have just started up
2019-11-13 10:53:02 [main] INFO  c.o.O.s.CustomSchedularConfigurer -  - Load all records from DB to ConcurrentLinkedQueue
2019-11-13 10:53:03 [Thread-1] INFO  c.o.O.s.CustomSchedularConfigurer -  - Spring Container is destroyed! save queues stats in DB
2019-11-13 10:55:23 [main] INFO  c.o.O.s.CustomSchedularConfigurer -  - hello world, I have just started up
2019-11-13 10:55:23 [main] INFO  c.o.O.s.CustomSchedularConfigurer -  - Load all records from DB to ConcurrentLinkedQueue
2019-11-13 10:55:23 [Thread-1] INFO  c.o.O.s.CustomSchedularConfigurer -  - Spring Container is destroyed! save queues stats in DB
2019-11-13 10:57:05 [Job-Thread1] INFO  c.o.O.s.CustomSchedularConfigurer -  - Job-Thread1 The Task1 executed at Wed Nov 13 10:57:05 IST 2019
2019-11-13 10:56:35 [main] INFO  c.o.O.s.CustomSchedularConfigurer -  - hello world, I have just started up
2019-11-13 10:57:49 [main] INFO  c.o.O.s.CustomSchedularConfigurer -  - Load all records from DB to ConcurrentLinkedQueue
2019-11-13 10:58:04 [Job-Thread1] INFO  c.o.O.s.CustomSchedularConfigurer -  - Job-Thread1 The Task1 executed at Wed Nov 13 10:58:04 IST 2019
2019-11-13 10:58:08 [Mail-Thread1] INFO  c.osm.OmkarSM.batch.BatchProcessing -  - This is schedule
2019-11-13 10:58:08 [Mail-Thread1] INFO  c.osm.OmkarSM.batch.BatchProcessing -  - Getting a job instance
2019-11-13 10:58:08 [Mail-Thread1] INFO  c.osm.OmkarSM.batch.BatchProcessing -  - Starting the batch job
2019-11-13 10:58:08 [Mail-Thread1] INFO  c.osm.OmkarSM.batch.BatchProcessing -  - jobParameters:{time=1573622888484}
2019-11-13 10:58:08 [Mail-Thread1] INFO  c.osm.OmkarSM.batch.BatchProcessing -  - Job failed
2019-11-13 10:58:08 [Mail-Thread1] INFO  c.o.O.s.CustomSchedularConfigurer -  - add to the mail thread in this way
2019-11-13 10:58:13 [Thread-1] INFO  c.o.O.s.CustomSchedularConfigurer -  - Spring Container is destroyed! save queues stats in DB
2019-11-13 10:58:13 [Mail-Thread1] INFO  c.o.O.s.CustomSchedularConfigurer -  - add to the mail thread in this way
2019-11-13 10:59:47 [main] INFO  c.o.O.s.CustomSchedularConfigurer -  - hello world, I have just started up
2019-11-13 10:59:47 [main] INFO  c.o.O.s.CustomSchedularConfigurer -  - Load all records from DB to ConcurrentLinkedQueue
2019-11-13 11:00:00 [Mail-Thread1] INFO  c.osm.OmkarSM.batch.BatchProcessing -  - This is schedule
2019-11-13 11:00:00 [Mail-Thread1] INFO  c.osm.OmkarSM.batch.BatchProcessing -  - Getting a job instance
2019-11-13 11:00:00 [Mail-Thread1] INFO  c.osm.OmkarSM.batch.BatchProcessing -  - Starting the batch job
2019-11-13 11:00:00 [Mail-Thread1] INFO  c.osm.OmkarSM.batch.BatchProcessing -  - jobParameters:{time=1573623000012}
2019-11-13 11:00:00 [Mail-Thread1] INFO  c.osm.OmkarSM.batch.BatchProcessing -  - Job failed
2019-11-13 11:00:05 [Job-Thread1] INFO  c.o.O.s.CustomSchedularConfigurer -  - Job-Thread1 The Task1 executed at Wed Nov 13 11:00:05 IST 2019
2019-11-13 11:00:06 [Mail-Thread1] INFO  c.o.O.s.CustomSchedularConfigurer -  - add to the mail thread in this way
2019-11-13 11:01:02 [Mail-Thread1] INFO  c.osm.OmkarSM.batch.BatchProcessing -  - This is schedule
2019-11-13 11:01:02 [Mail-Thread1] INFO  c.osm.OmkarSM.batch.BatchProcessing -  - Getting a job instance
2019-11-13 11:01:02 [Mail-Thread1] INFO  c.osm.OmkarSM.batch.BatchProcessing -  - Starting the batch job
2019-11-13 11:01:02 [Mail-Thread1] INFO  c.osm.OmkarSM.batch.BatchProcessing -  - jobParameters:{time=1573623062514}
2019-11-13 11:01:02 [Mail-Thread1] INFO  c.osm.OmkarSM.batch.BatchProcessing -  - Job failed
2019-11-13 11:01:05 [Job-Thread1] INFO  c.o.O.s.CustomSchedularConfigurer -  - Job-Thread1 The Task1 executed at Wed Nov 13 11:01:05 IST 2019
2019-11-13 11:01:09 [Mail-Thread1] INFO  c.o.O.s.CustomSchedularConfigurer -  - add to the mail thread in this way
2019-11-13 11:01:25 [Thread-1] INFO  c.o.O.s.CustomSchedularConfigurer -  - Spring Container is destroyed! save queues stats in DB
2019-11-13 11:09:30 [main] INFO  c.o.O.s.CustomSchedularConfigurer -  - hello world, I have just started up
2019-11-13 11:09:30 [main] INFO  c.o.O.s.CustomSchedularConfigurer -  - Load all records from DB to ConcurrentLinkedQueue
2019-11-13 11:10:02 [Mail-Thread1] INFO  c.osm.OmkarSM.batch.BatchProcessing -  - This is schedule
2019-11-13 11:10:02 [Mail-Thread1] INFO  c.osm.OmkarSM.batch.BatchProcessing -  - Getting a job instance
2019-11-13 11:10:02 [Mail-Thread1] INFO  c.osm.OmkarSM.batch.BatchProcessing -  - Starting the batch job
2019-11-13 11:10:02 [Mail-Thread1] INFO  c.osm.OmkarSM.batch.BatchProcessing -  - jobParameters:{time=1573623602390}
2019-11-13 11:10:03 [Mail-Thread1] INFO  c.osm.OmkarSM.batch.BatchProcessing -  - Job Status : COMPLETED
2019-11-13 11:10:03 [Mail-Thread1] INFO  c.osm.OmkarSM.batch.BatchProcessing -  - Job completed
2019-11-13 11:10:03 [Mail-Thread1] INFO  c.osm.OmkarSM.batch.BatchProcessing -  - NO marker
2019-11-13 11:10:05 [Job-Thread1] INFO  c.o.O.s.CustomSchedularConfigurer -  - Job-Thread1 The Task1 executed at Wed Nov 13 11:10:05 IST 2019
2019-11-13 11:10:09 [Mail-Thread1] INFO  c.o.O.s.CustomSchedularConfigurer -  - add to the mail thread in this way
2019-11-13 11:10:11 [RMI TCP Connection(3)-127.0.0.1] INFO  c.o.O.s.CustomSchedularConfigurer -  - Spring Container is destroyed! save queues stats in DB
2019-11-13 11:11:16 [main] INFO  c.o.O.s.CustomSchedularConfigurer -  - hello world, I have just started up
2019-11-13 11:11:16 [main] INFO  c.o.O.s.CustomSchedularConfigurer -  - Load all records from DB to ConcurrentLinkedQueue
2019-11-13 11:11:16 [Thread-1] INFO  c.o.O.s.CustomSchedularConfigurer -  - Spring Container is destroyed! save queues stats in DB
2019-11-13 11:11:33 [main] INFO  c.o.O.s.CustomSchedularConfigurer -  - hello world, I have just started up
2019-11-13 11:11:33 [main] INFO  c.o.O.s.CustomSchedularConfigurer -  - Load all records from DB to ConcurrentLinkedQueue
2019-11-13 11:11:35 [Thread-1] INFO  c.o.O.s.CustomSchedularConfigurer -  - Spring Container is destroyed! save queues stats in DB
2019-11-13 11:15:30 [main] INFO  c.o.O.s.CustomSchedularConfigurer -  - hello world, I have just started up
2019-11-13 11:15:30 [main] INFO  c.o.O.s.CustomSchedularConfigurer -  - Load all records from DB to ConcurrentLinkedQueue
2019-11-13 11:15:31 [Thread-1] INFO  c.o.O.s.CustomSchedularConfigurer -  - Spring Container is destroyed! save queues stats in DB
2019-11-13 11:16:30 [main] INFO  c.o.O.s.CustomSchedularConfigurer -  - hello world, I have just started up
2019-11-13 11:16:30 [main] INFO  c.o.O.s.CustomSchedularConfigurer -  - Load all records from DB to ConcurrentLinkedQueue
2019-11-13 11:17:03 [Mail-Thread1] INFO  c.osm.OmkarSM.batch.BatchProcessing -  - This is schedule
2019-11-13 11:17:03 [Mail-Thread1] INFO  c.osm.OmkarSM.batch.BatchProcessing -  - Getting a job instance
2019-11-13 11:17:03 [Mail-Thread1] INFO  c.osm.OmkarSM.batch.BatchProcessing -  - Starting the batch job
2019-11-13 11:17:03 [Mail-Thread1] INFO  c.osm.OmkarSM.batch.BatchProcessing -  - jobParameters:{time=1573624023302}
2019-11-13 11:17:03 [Mail-Thread1] INFO  c.osm.OmkarSM.batch.BatchProcessing -  - Job failed
2019-11-13 11:17:04 [Job-Thread1] INFO  c.o.O.s.CustomSchedularConfigurer -  - Job-Thread1 The Task1 executed at Wed Nov 13 11:17:04 IST 2019
2019-11-13 11:17:04 [Mail-Thread1] INFO  c.o.O.s.CustomSchedularConfigurer -  - add to the mail thread in this way
2019-11-13 11:17:34 [Thread-1] INFO  c.o.O.s.CustomSchedularConfigurer -  - Spring Container is destroyed! save queues stats in DB
2019-11-13 11:17:51 [main] INFO  c.o.O.s.CustomSchedularConfigurer -  - hello world, I have just started up
2019-11-13 11:17:51 [main] INFO  c.o.O.s.CustomSchedularConfigurer -  - Load all records from DB to ConcurrentLinkedQueue
2019-11-13 11:18:03 [Mail-Thread1] INFO  c.osm.OmkarSM.batch.BatchProcessing -  - This is schedule
2019-11-13 11:18:03 [Mail-Thread1] INFO  c.osm.OmkarSM.batch.BatchProcessing -  - Getting a job instance
2019-11-13 11:18:03 [Mail-Thread1] INFO  c.osm.OmkarSM.batch.BatchProcessing -  - Starting the batch job
2019-11-13 11:18:03 [Mail-Thread1] INFO  c.osm.OmkarSM.batch.BatchProcessing -  - jobParameters:{time=1573624083253}
2019-11-13 11:18:03 [Mail-Thread1] INFO  c.osm.OmkarSM.batch.BatchProcessing -  - Job failed
2019-11-13 11:18:05 [Job-Thread1] INFO  c.o.O.s.CustomSchedularConfigurer -  - Job-Thread1 The Task1 executed at Wed Nov 13 11:18:05 IST 2019
2019-11-13 11:18:05 [Mail-Thread1] INFO  c.o.O.s.CustomSchedularConfigurer -  - add to the mail thread in this way
2019-11-13 11:19:00 [Mail-Thread1] INFO  c.osm.OmkarSM.batch.BatchProcessing -  - This is schedule
2019-11-13 11:19:00 [Mail-Thread1] INFO  c.osm.OmkarSM.batch.BatchProcessing -  - Getting a job instance
2019-11-13 11:19:00 [Mail-Thread1] INFO  c.osm.OmkarSM.batch.BatchProcessing -  - Starting the batch job
2019-11-13 11:19:00 [Mail-Thread1] INFO  c.osm.OmkarSM.batch.BatchProcessing -  - jobParameters:{time=1573624140015}
2019-11-13 11:19:00 [Mail-Thread1] INFO  c.osm.OmkarSM.batch.BatchProcessing -  - Job failed
2019-11-13 11:19:05 [Job-Thread1] INFO  c.o.O.s.CustomSchedularConfigurer -  - Job-Thread1 The Task1 executed at Wed Nov 13 11:19:05 IST 2019
2019-11-13 11:19:05 [Thread-1] INFO  c.o.O.s.CustomSchedularConfigurer -  - Spring Container is destroyed! save queues stats in DB
2019-11-13 11:19:05 [Mail-Thread1] INFO  c.o.O.s.CustomSchedularConfigurer -  - add to the mail thread in this way
2019-11-13 11:19:45 [main] INFO  c.o.O.s.CustomSchedularConfigurer -  - hello world, I have just started up
2019-11-13 11:19:45 [main] INFO  c.o.O.s.CustomSchedularConfigurer -  - Load all records from DB to ConcurrentLinkedQueue
2019-11-13 11:19:46 [Thread-1] INFO  c.o.O.s.CustomSchedularConfigurer -  - Spring Container is destroyed! save queues stats in DB
2019-11-13 11:22:58 [main] INFO  c.o.O.s.CustomSchedularConfigurer -  - hello world, I have just started up
2019-11-13 11:22:58 [main] INFO  c.o.O.s.CustomSchedularConfigurer -  - Load all records from DB to ConcurrentLinkedQueue
2019-11-13 11:22:58 [Thread-1] INFO  c.o.O.s.CustomSchedularConfigurer -  - Spring Container is destroyed! save queues stats in DB
2019-11-13 11:26:19 [main] INFO  c.o.O.s.CustomSchedularConfigurer -  - hello world, I have just started up
2019-11-13 11:26:19 [main] INFO  c.o.O.s.CustomSchedularConfigurer -  - Load all records from DB to ConcurrentLinkedQueue
2019-11-13 11:26:20 [Thread-1] INFO  c.o.O.s.CustomSchedularConfigurer -  - Spring Container is destroyed! save queues stats in DB
2019-11-13 11:27:22 [main] INFO  c.o.O.s.CustomSchedularConfigurer -  - hello world, I have just started up
2019-11-13 11:27:22 [main] INFO  c.o.O.s.CustomSchedularConfigurer -  - Load all records from DB to ConcurrentLinkedQueue
2019-11-13 11:27:22 [Thread-1] INFO  c.o.O.s.CustomSchedularConfigurer -  - Spring Container is destroyed! save queues stats in DB
2019-11-13 11:34:36 [main] INFO  c.o.O.s.CustomSchedularConfigurer -  - hello world, I have just started up
2019-11-13 11:34:36 [main] INFO  c.o.O.s.CustomSchedularConfigurer -  - Load all records from DB to ConcurrentLinkedQueue
2019-11-13 11:34:36 [Thread-1] INFO  c.o.O.s.CustomSchedularConfigurer -  - Spring Container is destroyed! save queues stats in DB
2019-11-13 11:35:25 [main] INFO  c.o.O.s.CustomSchedularConfigurer -  - hello world, I have just started up
2019-11-13 11:35:25 [main] INFO  c.o.O.s.CustomSchedularConfigurer -  - Load all records from DB to ConcurrentLinkedQueue
2019-11-13 11:35:25 [Thread-1] INFO  c.o.O.s.CustomSchedularConfigurer -  - Spring Container is destroyed! save queues stats in DB
2019-11-13 11:35:52 [main] INFO  c.o.O.s.CustomSchedularConfigurer -  - hello world, I have just started up
2019-11-13 11:35:52 [main] INFO  c.o.O.s.CustomSchedularConfigurer -  - Load all records from DB to ConcurrentLinkedQueue
2019-11-13 11:35:52 [Thread-1] INFO  c.o.O.s.CustomSchedularConfigurer -  - Spring Container is destroyed! save queues stats in DB
2019-11-13 11:37:38 [main] INFO  c.o.O.s.CustomSchedularConfigurer -  - hello world, I have just started up
2019-11-13 11:37:38 [main] INFO  c.o.O.s.CustomSchedularConfigurer -  - Load all records from DB to ConcurrentLinkedQueue
2019-11-13 11:37:39 [Thread-1] INFO  c.o.O.s.CustomSchedularConfigurer -  - Spring Container is destroyed! save queues stats in DB
2019-11-13 11:39:57 [main] INFO  c.o.O.s.CustomSchedularConfigurer -  - hello world, I have just started up
2019-11-13 11:39:57 [main] INFO  c.o.O.s.CustomSchedularConfigurer -  - Load all records from DB to ConcurrentLinkedQueue
2019-11-13 11:39:58 [Thread-1] INFO  c.o.O.s.CustomSchedularConfigurer -  - Spring Container is destroyed! save queues stats in DB
2019-11-13 11:45:24 [main] INFO  c.o.O.s.CustomSchedularConfigurer -  - hello world, I have just started up
2019-11-13 11:45:24 [main] INFO  c.o.O.s.CustomSchedularConfigurer -  - Load all records from DB to ConcurrentLinkedQueue
2019-11-13 11:45:25 [Thread-1] INFO  c.o.O.s.CustomSchedularConfigurer -  - Spring Container is destroyed! save queues stats in DB
2019-11-13 11:50:27 [main] INFO  c.o.O.s.CustomSchedularConfigurer -  - hello world, I have just started up
2019-11-13 11:50:27 [main] INFO  c.o.O.s.CustomSchedularConfigurer -  - Load all records from DB to ConcurrentLinkedQueue
2019-11-13 11:50:28 [Thread-1] INFO  c.o.O.s.CustomSchedularConfigurer -  - Spring Container is destroyed! save queues stats in DB
2019-11-13 11:53:49 [main] INFO  c.o.O.s.CustomSchedularConfigurer -  - hello world, I have just started up
2019-11-13 11:53:49 [main] INFO  c.o.O.s.CustomSchedularConfigurer -  - Load all records from DB to ConcurrentLinkedQueue
2019-11-13 11:53:50 [Thread-1] INFO  c.o.O.s.CustomSchedularConfigurer -  - Spring Container is destroyed! save queues stats in DB
2019-11-13 12:00:36 [main] INFO  c.o.O.s.CustomSchedularConfigurer -  - hello world, I have just started up
2019-11-13 12:00:36 [main] INFO  c.o.O.s.CustomSchedularConfigurer -  - Load all records from DB to ConcurrentLinkedQueue
2019-11-13 12:00:36 [Thread-1] INFO  c.o.O.s.CustomSchedularConfigurer -  - Spring Container is destroyed! save queues stats in DB
2019-11-13 12:13:48 [main] INFO  c.o.O.s.CustomSchedularConfigurer -  - hello world, I have just started up
2019-11-13 12:13:48 [main] INFO  c.o.O.s.CustomSchedularConfigurer -  - Load all records from DB to ConcurrentLinkedQueue
2019-11-13 12:13:49 [Thread-1] INFO  c.o.O.s.CustomSchedularConfigurer -  - Spring Container is destroyed! save queues stats in DB
2019-11-13 12:15:38 [main] INFO  c.o.O.s.CustomSchedularConfigurer -  - hello world, I have just started up
2019-11-13 12:15:38 [main] INFO  c.o.O.s.CustomSchedularConfigurer -  - Load all records from DB to ConcurrentLinkedQueue
2019-11-13 12:15:39 [Thread-1] INFO  c.o.O.s.CustomSchedularConfigurer -  - Spring Container is destroyed! save queues stats in DB
2019-11-13 12:16:48 [main] INFO  c.o.O.s.CustomSchedularConfigurer -  - hello world, I have just started up
2019-11-13 12:16:48 [main] INFO  c.o.O.s.CustomSchedularConfigurer -  - Load all records from DB to ConcurrentLinkedQueue
2019-11-13 12:17:00 [Mail-Thread1] INFO  c.osm.OmkarSM.batch.BatchProcessing -  - This is schedule
2019-11-13 12:17:00 [Mail-Thread1] INFO  c.osm.OmkarSM.batch.BatchProcessing -  - Getting a job instance
2019-11-13 12:17:00 [Mail-Thread1] INFO  c.osm.OmkarSM.batch.BatchProcessing -  - Starting the batch job
2019-11-13 12:17:00 [Mail-Thread1] INFO  c.osm.OmkarSM.batch.BatchProcessing -  - jobParameters:{time=1573627620443}
2019-11-13 12:17:01 [Mail-Thread1] INFO  c.osm.OmkarSM.batch.BatchProcessing -  - Job Status : COMPLETED
2019-11-13 12:17:01 [Mail-Thread1] INFO  c.osm.OmkarSM.batch.BatchProcessing -  - Job completed
2019-11-13 12:17:01 [Mail-Thread1] INFO  c.osm.OmkarSM.batch.BatchProcessing -  - NO marker
2019-11-13 12:18:09 [main] INFO  c.o.O.s.CustomSchedularConfigurer -  - hello world, I have just started up
2019-11-13 12:18:09 [main] INFO  c.o.O.s.CustomSchedularConfigurer -  - Load all records from DB to ConcurrentLinkedQueue
2019-11-13 12:18:10 [Thread-1] INFO  c.o.O.s.CustomSchedularConfigurer -  - Spring Container is destroyed! save queues stats in DB
2019-11-13 12:19:07 [main] INFO  c.o.O.s.CustomSchedularConfigurer -  - hello world, I have just started up
2019-11-13 12:19:07 [main] INFO  c.o.O.s.CustomSchedularConfigurer -  - Load all records from DB to ConcurrentLinkedQueue
2019-11-13 12:19:07 [Thread-1] INFO  c.o.O.s.CustomSchedularConfigurer -  - Spring Container is destroyed! save queues stats in DB
2019-11-13 12:21:36 [main] INFO  c.o.O.s.CustomSchedularConfigurer -  - hello world, I have just started up
2019-11-13 12:21:36 [main] INFO  c.o.O.s.CustomSchedularConfigurer -  - Load all records from DB to ConcurrentLinkedQueue
2019-11-13 12:21:36 [Thread-1] INFO  c.o.O.s.CustomSchedularConfigurer -  - Spring Container is destroyed! save queues stats in DB
2019-11-13 12:23:50 [main] INFO  c.o.O.s.CustomSchedularConfigurer -  - hello world, I have just started up
2019-11-13 12:23:50 [main] INFO  c.o.O.s.CustomSchedularConfigurer -  - Load all records from DB to ConcurrentLinkedQueue
2019-11-13 12:23:51 [Thread-1] INFO  c.o.O.s.CustomSchedularConfigurer -  - Spring Container is destroyed! save queues stats in DB
2019-11-13 12:27:45 [main] INFO  c.o.O.s.CustomSchedularConfigurer -  - hello world, I have just started up
2019-11-13 12:27:45 [main] INFO  c.o.O.s.CustomSchedularConfigurer -  - Load all records from DB to ConcurrentLinkedQueue
2019-11-13 12:27:46 [Thread-1] INFO  c.o.O.s.CustomSchedularConfigurer -  - Spring Container is destroyed! save queues stats in DB
2019-11-13 12:32:54 [main] INFO  c.o.O.s.CustomSchedularConfigurer -  - Spring Container is destroyed! save queues stats in DB
2019-11-13 12:32:55 [main] INFO  c.o.O.s.CustomSchedularConfigurer -  - Spring Container is destroyed! save queues stats in DB
2019-11-13 12:32:55 [main] INFO  c.o.O.s.CustomSchedularConfigurer -  - Spring Container is destroyed! save queues stats in DB
2019-11-13 12:32:56 [main] INFO  c.o.O.s.CustomSchedularConfigurer -  - Spring Container is destroyed! save queues stats in DB
2019-11-13 12:32:56 [main] INFO  c.o.O.s.CustomSchedularConfigurer -  - Spring Container is destroyed! save queues stats in DB
2019-11-13 12:32:57 [main] INFO  c.o.O.s.CustomSchedularConfigurer -  - Spring Container is destroyed! save queues stats in DB
2019-11-13 12:33:39 [main] INFO  c.o.O.s.CustomSchedularConfigurer -  - hello world, I have just started up
2019-11-13 12:33:39 [main] INFO  c.o.O.s.CustomSchedularConfigurer -  - Load all records from DB to ConcurrentLinkedQueue
2019-11-13 12:33:39 [Thread-1] INFO  c.o.O.s.CustomSchedularConfigurer -  - Spring Container is destroyed! save queues stats in DB
2019-11-13 12:36:57 [main] INFO  c.o.O.s.CustomSchedularConfigurer -  - hello world, I have just started up
2019-11-13 12:36:57 [main] INFO  c.o.O.s.CustomSchedularConfigurer -  - Load all records from DB to ConcurrentLinkedQueue
2019-11-13 12:36:58 [Thread-1] INFO  c.o.O.s.CustomSchedularConfigurer -  - Spring Container is destroyed! save queues stats in DB
2019-11-13 12:39:16 [main] INFO  c.o.O.s.CustomSchedularConfigurer -  - hello world, I have just started up
2019-11-13 12:39:16 [main] INFO  c.o.O.s.CustomSchedularConfigurer -  - Load all records from DB to ConcurrentLinkedQueue
2019-11-13 12:39:17 [Thread-1] INFO  c.o.O.s.CustomSchedularConfigurer -  - Spring Container is destroyed! save queues stats in DB
2019-11-13 12:46:45 [main] INFO  c.o.O.s.CustomSchedularConfigurer -  - Spring Container is destroyed! save queues stats in DB
2019-11-13 12:46:46 [main] INFO  c.o.O.s.CustomSchedularConfigurer -  - Spring Container is destroyed! save queues stats in DB
2019-11-13 12:46:47 [main] INFO  c.o.O.s.CustomSchedularConfigurer -  - Spring Container is destroyed! save queues stats in DB
2019-11-13 12:46:48 [main] INFO  c.o.O.s.CustomSchedularConfigurer -  - Spring Container is destroyed! save queues stats in DB
2019-11-13 12:46:49 [main] INFO  c.o.O.s.CustomSchedularConfigurer -  - Spring Container is destroyed! save queues stats in DB
2019-11-13 12:46:50 [main] INFO  c.o.O.s.CustomSchedularConfigurer -  - Spring Container is destroyed! save queues stats in DB
2019-11-13 12:47:16 [main] INFO  c.o.O.s.CustomSchedularConfigurer -  - Spring Container is destroyed! save queues stats in DB
2019-11-13 12:47:17 [main] INFO  c.o.O.s.CustomSchedularConfigurer -  - Spring Container is destroyed! save queues stats in DB
2019-11-13 12:47:18 [main] INFO  c.o.O.s.CustomSchedularConfigurer -  - Spring Container is destroyed! save queues stats in DB
2019-11-13 12:47:19 [main] INFO  c.o.O.s.CustomSchedularConfigurer -  - Spring Container is destroyed! save queues stats in DB
2019-11-13 12:47:20 [main] INFO  c.o.O.s.CustomSchedularConfigurer -  - Spring Container is destroyed! save queues stats in DB
2019-11-13 12:47:21 [main] INFO  c.o.O.s.CustomSchedularConfigurer -  - Spring Container is destroyed! save queues stats in DB
2019-11-13 12:47:56 [main] INFO  c.o.O.s.CustomSchedularConfigurer -  - hello world, I have just started up
2019-11-13 12:47:56 [main] INFO  c.o.O.s.CustomSchedularConfigurer -  - Load all records from DB to ConcurrentLinkedQueue
2019-11-13 12:47:57 [Thread-1] INFO  c.o.O.s.CustomSchedularConfigurer -  - Spring Container is destroyed! save queues stats in DB
2019-11-13 12:48:30 [main] INFO  c.o.O.s.CustomSchedularConfigurer -  - hello world, I have just started up
2019-11-13 12:48:30 [main] INFO  c.o.O.s.CustomSchedularConfigurer -  - Load all records from DB to ConcurrentLinkedQueue
2019-11-13 12:48:53 [Thread-1] INFO  c.o.O.s.CustomSchedularConfigurer -  - Spring Container is destroyed! save queues stats in DB
2019-11-13 12:49:51 [main] INFO  c.o.O.s.CustomSchedularConfigurer -  - hello world, I have just started up
2019-11-13 12:49:51 [main] INFO  c.o.O.s.CustomSchedularConfigurer -  - Load all records from DB to ConcurrentLinkedQueue
2019-11-13 12:49:53 [Thread-1] INFO  c.o.O.s.CustomSchedularConfigurer -  - Spring Container is destroyed! save queues stats in DB
2019-11-13 13:15:36 [main] INFO  c.o.O.s.CustomSchedularConfigurer -  - hello world, I have just started up
2019-11-13 13:15:36 [main] INFO  c.o.O.s.CustomSchedularConfigurer -  - Load all records from DB to ConcurrentLinkedQueue
2019-11-13 13:15:36 [Thread-1] INFO  c.o.O.s.CustomSchedularConfigurer -  - Spring Container is destroyed! save queues stats in DB
2019-11-13 13:16:04 [main] INFO  c.o.O.s.CustomSchedularConfigurer -  - hello world, I have just started up
2019-11-13 13:16:04 [main] INFO  c.o.O.s.CustomSchedularConfigurer -  - Load all records from DB to ConcurrentLinkedQueue
2019-11-13 13:16:04 [Thread-1] INFO  c.o.O.s.CustomSchedularConfigurer -  - Spring Container is destroyed! save queues stats in DB
2019-11-13 13:23:05 [main] INFO  c.o.O.s.CustomSchedularConfigurer -  - hello world, I have just started up
2019-11-13 13:23:05 [main] INFO  c.o.O.s.CustomSchedularConfigurer -  - Load all records from DB to ConcurrentLinkedQueue
2019-11-13 13:23:05 [Thread-1] INFO  c.o.O.s.CustomSchedularConfigurer -  - Spring Container is destroyed! save queues stats in DB
2019-11-13 13:24:29 [main] INFO  c.o.O.s.CustomSchedularConfigurer -  - hello world, I have just started up
2019-11-13 13:24:29 [main] INFO  c.o.O.s.CustomSchedularConfigurer -  - Load all records from DB to ConcurrentLinkedQueue
2019-11-13 13:24:29 [Thread-1] INFO  c.o.O.s.CustomSchedularConfigurer -  - Spring Container is destroyed! save queues stats in DB
2019-11-13 13:36:30 [main] INFO  c.o.O.s.CustomSchedularConfigurer -  - hello world, I have just started up
2019-11-13 13:36:30 [main] INFO  c.o.O.s.CustomSchedularConfigurer -  - Load all records from DB to ConcurrentLinkedQueue
2019-11-13 13:36:30 [Thread-1] INFO  c.o.O.s.CustomSchedularConfigurer -  - Spring Container is destroyed! save queues stats in DB
2019-11-13 13:37:05 [main] INFO  c.o.O.s.CustomSchedularConfigurer -  - hello world, I have just started up
2019-11-13 13:37:05 [main] INFO  c.o.O.s.CustomSchedularConfigurer -  - Load all records from DB to ConcurrentLinkedQueue
2019-11-13 13:37:05 [Thread-1] INFO  c.o.O.s.CustomSchedularConfigurer -  - Spring Container is destroyed! save queues stats in DB
2019-11-13 14:37:48 [main] INFO  c.o.O.s.CustomSchedularConfigurer -  - hello world, I have just started up
2019-11-13 14:37:48 [main] INFO  c.o.O.s.CustomSchedularConfigurer -  - Load all records from DB to ConcurrentLinkedQueue
2019-11-13 14:37:48 [Thread-1] INFO  c.o.O.s.CustomSchedularConfigurer -  - Spring Container is destroyed! save queues stats in DB
