2019-11-22 13:37:18 [main] INFO  c.o.O.s.CustomSchedularConfigurer -  - hello world, I have just started up
2019-11-22 13:37:18 [main] INFO  c.o.O.s.CustomSchedularConfigurer -  - Load all records from DB to ConcurrentLinkedQueue
2019-11-22 13:38:04 [Mail-Thread1] INFO  c.osm.OmkarSM.batch.BatchProcessing -  - This is schedule
2019-11-22 13:38:04 [Mail-Thread1] INFO  c.osm.OmkarSM.batch.BatchProcessing -  - Getting a job instance
2019-11-22 13:38:04 [Mail-Thread1] INFO  c.osm.OmkarSM.batch.BatchProcessing -  - Starting the batch job
2019-11-22 13:38:04 [Mail-Thread1] INFO  c.osm.OmkarSM.batch.BatchProcessing -  - jobParameters:{time=1574410084147}
2019-11-22 13:38:05 [Job-Thread1] INFO  c.o.O.s.CustomSchedularConfigurer -  - Job-Thread1 The Task1 executed at Fri Nov 22 13:38:05 IST 2019
2019-11-22 13:38:06 [Mail-Thread1] INFO  c.osm.OmkarSM.batch.BatchProcessing -  - Job Status : COMPLETED
2019-11-22 13:38:06 [Mail-Thread1] INFO  c.osm.OmkarSM.batch.BatchProcessing -  - Job completed
2019-11-22 13:38:06 [Mail-Thread1] INFO  c.osm.OmkarSM.batch.BatchProcessing -  - NO marker
2019-11-22 13:38:06 [Mail-Thread1] INFO  c.o.O.s.CustomSchedularConfigurer -  - add to the mail thread in this way
2019-11-22 13:39:00 [Mail-Thread1] INFO  c.osm.OmkarSM.batch.BatchProcessing -  - This is schedule
2019-11-22 13:39:00 [Mail-Thread1] INFO  c.osm.OmkarSM.batch.BatchProcessing -  - Getting a job instance
2019-11-22 13:39:00 [Mail-Thread1] INFO  c.osm.OmkarSM.batch.BatchProcessing -  - Starting the batch job
2019-11-22 13:39:00 [Mail-Thread1] INFO  c.osm.OmkarSM.batch.BatchProcessing -  - jobParameters:{time=1574410140194}
2019-11-22 13:39:01 [Mail-Thread1] INFO  c.osm.OmkarSM.batch.BatchProcessing -  - Job Status : COMPLETED
2019-11-22 13:39:01 [Mail-Thread1] INFO  c.osm.OmkarSM.batch.BatchProcessing -  - Job completed
2019-11-22 13:39:01 [Mail-Thread1] INFO  c.osm.OmkarSM.batch.BatchProcessing -  - NO marker
2019-11-22 13:39:05 [Job-Thread1] INFO  c.o.O.s.CustomSchedularConfigurer -  - Job-Thread1 The Task1 executed at Fri Nov 22 13:39:05 IST 2019
2019-11-22 13:39:07 [Mail-Thread1] INFO  c.o.O.s.CustomSchedularConfigurer -  - add to the mail thread in this way
2019-11-22 13:39:13 [RMI TCP Connection(2)-127.0.0.1] INFO  c.o.O.s.CustomSchedularConfigurer -  - Spring Container is destroyed! save queues stats in DB
2019-11-22 13:40:33 [main] INFO  c.o.O.s.CustomSchedularConfigurer -  - hello world, I have just started up
2019-11-22 13:40:33 [main] INFO  c.o.O.s.CustomSchedularConfigurer -  - Load all records from DB to ConcurrentLinkedQueue
2019-11-22 13:41:00 [Mail-Thread1] INFO  c.osm.OmkarSM.batch.BatchProcessing -  - This is schedule
2019-11-22 13:41:00 [Mail-Thread1] INFO  c.osm.OmkarSM.batch.BatchProcessing -  - Getting a job instance
2019-11-22 13:41:00 [Mail-Thread1] INFO  c.osm.OmkarSM.batch.BatchProcessing -  - Starting the batch job
2019-11-22 13:41:00 [Mail-Thread1] INFO  c.osm.OmkarSM.batch.BatchProcessing -  - jobParameters:{time=1574410260061}
2019-11-22 13:41:01 [Mail-Thread1] INFO  c.osm.OmkarSM.batch.BatchProcessing -  - Job Status : COMPLETED
2019-11-22 13:41:01 [Mail-Thread1] INFO  c.osm.OmkarSM.batch.BatchProcessing -  - Job completed
2019-11-22 13:41:01 [Mail-Thread1] INFO  c.osm.OmkarSM.batch.BatchProcessing -  - NO marker
2019-11-22 13:41:05 [Job-Thread1] INFO  c.o.O.s.CustomSchedularConfigurer -  - Job-Thread1 The Task1 executed at Fri Nov 22 13:41:05 IST 2019
2019-11-22 13:41:06 [Mail-Thread1] INFO  c.o.O.s.CustomSchedularConfigurer -  - add to the mail thread in this way
2019-11-22 13:42:02 [Mail-Thread1] INFO  c.osm.OmkarSM.batch.BatchProcessing -  - This is schedule
2019-11-22 13:42:02 [Mail-Thread1] INFO  c.osm.OmkarSM.batch.BatchProcessing -  - Getting a job instance
2019-11-22 13:42:02 [Mail-Thread1] INFO  c.osm.OmkarSM.batch.BatchProcessing -  - Starting the batch job
2019-11-22 13:42:02 [Mail-Thread1] INFO  c.osm.OmkarSM.batch.BatchProcessing -  - jobParameters:{time=1574410322590}
2019-11-22 13:42:04 [Mail-Thread1] INFO  c.osm.OmkarSM.batch.BatchProcessing -  - Job Status : COMPLETED
2019-11-22 13:42:04 [Mail-Thread1] INFO  c.osm.OmkarSM.batch.BatchProcessing -  - Job completed
2019-11-22 13:42:04 [Mail-Thread1] INFO  c.osm.OmkarSM.batch.BatchProcessing -  - NO marker
2019-11-22 13:42:05 [Job-Thread1] INFO  c.o.O.s.CustomSchedularConfigurer -  - Job-Thread1 The Task1 executed at Fri Nov 22 13:42:05 IST 2019
2019-11-22 13:42:09 [Mail-Thread1] INFO  c.o.O.s.CustomSchedularConfigurer -  - add to the mail thread in this way
2019-11-22 13:43:00 [Mail-Thread1] INFO  c.osm.OmkarSM.batch.BatchProcessing -  - This is schedule
2019-11-22 13:43:00 [Mail-Thread1] INFO  c.osm.OmkarSM.batch.BatchProcessing -  - Getting a job instance
2019-11-22 13:43:00 [Mail-Thread1] INFO  c.osm.OmkarSM.batch.BatchProcessing -  - Starting the batch job
2019-11-22 13:43:00 [Mail-Thread1] INFO  c.osm.OmkarSM.batch.BatchProcessing -  - jobParameters:{time=1574410380062}
2019-11-22 13:43:02 [Mail-Thread1] INFO  c.osm.OmkarSM.batch.BatchProcessing -  - Job Status : COMPLETED
2019-11-22 13:43:02 [Mail-Thread1] INFO  c.osm.OmkarSM.batch.BatchProcessing -  - Job completed
2019-11-22 13:43:02 [Mail-Thread1] INFO  c.osm.OmkarSM.batch.BatchProcessing -  - NO marker
2019-11-22 13:43:05 [Job-Thread1] INFO  c.o.O.s.CustomSchedularConfigurer -  - Job-Thread1 The Task1 executed at Fri Nov 22 13:43:05 IST 2019
2019-11-22 13:43:07 [Mail-Thread1] INFO  c.o.O.s.CustomSchedularConfigurer -  - add to the mail thread in this way
2019-11-22 13:44:03 [Mail-Thread1] INFO  c.osm.OmkarSM.batch.BatchProcessing -  - This is schedule
2019-11-22 13:44:03 [Mail-Thread1] INFO  c.osm.OmkarSM.batch.BatchProcessing -  - Getting a job instance
2019-11-22 13:44:03 [Mail-Thread1] INFO  c.osm.OmkarSM.batch.BatchProcessing -  - Starting the batch job
2019-11-22 13:44:03 [Mail-Thread1] INFO  c.osm.OmkarSM.batch.BatchProcessing -  - jobParameters:{time=1574410443337}
2019-11-22 13:44:05 [Job-Thread1] INFO  c.o.O.s.CustomSchedularConfigurer -  - Job-Thread1 The Task1 executed at Fri Nov 22 13:44:05 IST 2019
2019-11-22 13:44:05 [Mail-Thread1] INFO  c.osm.OmkarSM.batch.BatchProcessing -  - Job Status : COMPLETED
2019-11-22 13:44:05 [Mail-Thread1] INFO  c.osm.OmkarSM.batch.BatchProcessing -  - Job completed
2019-11-22 13:44:05 [Mail-Thread1] INFO  c.osm.OmkarSM.batch.BatchProcessing -  - NO marker
2019-11-22 13:44:05 [Mail-Thread1] INFO  c.o.O.s.CustomSchedularConfigurer -  - add to the mail thread in this way
2019-11-22 13:45:00 [Mail-Thread1] INFO  c.osm.OmkarSM.batch.BatchProcessing -  - This is schedule
2019-11-22 13:45:00 [Mail-Thread1] INFO  c.osm.OmkarSM.batch.BatchProcessing -  - Getting a job instance
2019-11-22 13:45:00 [Mail-Thread1] INFO  c.osm.OmkarSM.batch.BatchProcessing -  - Starting the batch job
2019-11-22 13:45:00 [Mail-Thread1] INFO  c.osm.OmkarSM.batch.BatchProcessing -  - jobParameters:{time=1574410500056}
2019-11-22 13:45:01 [Mail-Thread1] INFO  c.osm.OmkarSM.batch.BatchProcessing -  - Job Status : COMPLETED
2019-11-22 13:45:01 [Mail-Thread1] INFO  c.osm.OmkarSM.batch.BatchProcessing -  - Job completed
2019-11-22 13:45:01 [Mail-Thread1] INFO  c.osm.OmkarSM.batch.BatchProcessing -  - NO marker
2019-11-22 13:45:05 [Job-Thread1] INFO  c.o.O.s.CustomSchedularConfigurer -  - Job-Thread1 The Task1 executed at Fri Nov 22 13:45:05 IST 2019
2019-11-22 13:45:06 [Mail-Thread1] INFO  c.o.O.s.CustomSchedularConfigurer -  - add to the mail thread in this way
2019-11-22 13:46:02 [Mail-Thread1] INFO  c.osm.OmkarSM.batch.BatchProcessing -  - This is schedule
2019-11-22 13:46:02 [Mail-Thread1] INFO  c.osm.OmkarSM.batch.BatchProcessing -  - Getting a job instance
2019-11-22 13:46:02 [Mail-Thread1] INFO  c.osm.OmkarSM.batch.BatchProcessing -  - Starting the batch job
2019-11-22 13:46:02 [Mail-Thread1] INFO  c.osm.OmkarSM.batch.BatchProcessing -  - jobParameters:{time=1574410562850}
2019-11-22 13:46:04 [Mail-Thread1] INFO  c.osm.OmkarSM.batch.BatchProcessing -  - Job Status : COMPLETED
2019-11-22 13:46:04 [Mail-Thread1] INFO  c.osm.OmkarSM.batch.BatchProcessing -  - Job completed
2019-11-22 13:46:04 [Mail-Thread1] INFO  c.osm.OmkarSM.batch.BatchProcessing -  - NO marker
2019-11-22 13:46:05 [Job-Thread2] INFO  c.o.O.s.CustomSchedularConfigurer -  - Job-Thread2 The Task1 executed at Fri Nov 22 13:46:05 IST 2019
2019-11-22 13:46:09 [Mail-Thread1] INFO  c.o.O.s.CustomSchedularConfigurer -  - add to the mail thread in this way
2019-11-22 13:47:00 [Mail-Thread1] INFO  c.osm.OmkarSM.batch.BatchProcessing -  - This is schedule
2019-11-22 13:47:00 [Mail-Thread1] INFO  c.osm.OmkarSM.batch.BatchProcessing -  - Getting a job instance
2019-11-22 13:47:00 [Mail-Thread1] INFO  c.osm.OmkarSM.batch.BatchProcessing -  - Starting the batch job
2019-11-22 13:47:00 [Mail-Thread1] INFO  c.osm.OmkarSM.batch.BatchProcessing -  - jobParameters:{time=1574410620051}
2019-11-22 13:47:01 [Mail-Thread1] INFO  c.osm.OmkarSM.batch.BatchProcessing -  - Job Status : COMPLETED
2019-11-22 13:47:01 [Mail-Thread1] INFO  c.osm.OmkarSM.batch.BatchProcessing -  - Job completed
2019-11-22 13:47:01 [Mail-Thread1] INFO  c.osm.OmkarSM.batch.BatchProcessing -  - NO marker
2019-11-22 13:47:05 [Job-Thread2] INFO  c.o.O.s.CustomSchedularConfigurer -  - Job-Thread2 The Task1 executed at Fri Nov 22 13:47:05 IST 2019
2019-11-22 13:47:06 [Mail-Thread1] INFO  c.o.O.s.CustomSchedularConfigurer -  - add to the mail thread in this way
2019-11-22 13:48:02 [Mail-Thread1] INFO  c.osm.OmkarSM.batch.BatchProcessing -  - This is schedule
2019-11-22 13:48:02 [Mail-Thread1] INFO  c.osm.OmkarSM.batch.BatchProcessing -  - Getting a job instance
2019-11-22 13:48:02 [Mail-Thread1] INFO  c.osm.OmkarSM.batch.BatchProcessing -  - Starting the batch job
2019-11-22 13:48:02 [Mail-Thread1] INFO  c.osm.OmkarSM.batch.BatchProcessing -  - jobParameters:{time=1574410682507}
2019-11-22 13:48:04 [Mail-Thread1] INFO  c.osm.OmkarSM.batch.BatchProcessing -  - Job Status : COMPLETED
2019-11-22 13:48:04 [Mail-Thread1] INFO  c.osm.OmkarSM.batch.BatchProcessing -  - Job completed
2019-11-22 13:48:04 [Mail-Thread1] INFO  c.osm.OmkarSM.batch.BatchProcessing -  - NO marker
2019-11-22 13:48:05 [Job-Thread2] INFO  c.o.O.s.CustomSchedularConfigurer -  - Job-Thread2 The Task1 executed at Fri Nov 22 13:48:05 IST 2019
2019-11-22 13:48:09 [Mail-Thread1] INFO  c.o.O.s.CustomSchedularConfigurer -  - add to the mail thread in this way
2019-11-22 13:49:00 [Mail-Thread1] INFO  c.osm.OmkarSM.batch.BatchProcessing -  - This is schedule
2019-11-22 13:49:00 [Mail-Thread1] INFO  c.osm.OmkarSM.batch.BatchProcessing -  - Getting a job instance
2019-11-22 13:49:00 [Mail-Thread1] INFO  c.osm.OmkarSM.batch.BatchProcessing -  - Starting the batch job
2019-11-22 13:49:00 [Mail-Thread1] INFO  c.osm.OmkarSM.batch.BatchProcessing -  - jobParameters:{time=1574410740202}
2019-11-22 13:49:01 [Mail-Thread1] INFO  c.osm.OmkarSM.batch.BatchProcessing -  - Job Status : COMPLETED
2019-11-22 13:49:01 [Mail-Thread1] INFO  c.osm.OmkarSM.batch.BatchProcessing -  - Job completed
2019-11-22 13:49:01 [Mail-Thread1] INFO  c.osm.OmkarSM.batch.BatchProcessing -  - NO marker
2019-11-22 13:49:05 [Job-Thread2] INFO  c.o.O.s.CustomSchedularConfigurer -  - Job-Thread2 The Task1 executed at Fri Nov 22 13:49:05 IST 2019
2019-11-22 13:49:06 [Mail-Thread1] INFO  c.o.O.s.CustomSchedularConfigurer -  - add to the mail thread in this way
2019-11-22 13:50:02 [Mail-Thread1] INFO  c.osm.OmkarSM.batch.BatchProcessing -  - This is schedule
2019-11-22 13:50:02 [Mail-Thread1] INFO  c.osm.OmkarSM.batch.BatchProcessing -  - Getting a job instance
2019-11-22 13:50:02 [Mail-Thread1] INFO  c.osm.OmkarSM.batch.BatchProcessing -  - Starting the batch job
2019-11-22 13:50:02 [Mail-Thread1] INFO  c.osm.OmkarSM.batch.BatchProcessing -  - jobParameters:{time=1574410802620}
2019-11-22 13:50:04 [Mail-Thread1] INFO  c.osm.OmkarSM.batch.BatchProcessing -  - Job Status : COMPLETED
2019-11-22 13:50:04 [Mail-Thread1] INFO  c.osm.OmkarSM.batch.BatchProcessing -  - Job completed
2019-11-22 13:50:04 [Mail-Thread1] INFO  c.osm.OmkarSM.batch.BatchProcessing -  - NO marker
2019-11-22 13:50:05 [Job-Thread2] INFO  c.o.O.s.CustomSchedularConfigurer -  - Job-Thread2 The Task1 executed at Fri Nov 22 13:50:05 IST 2019
2019-11-22 13:50:09 [Mail-Thread1] INFO  c.o.O.s.CustomSchedularConfigurer -  - add to the mail thread in this way
2019-11-22 13:51:00 [Mail-Thread1] INFO  c.osm.OmkarSM.batch.BatchProcessing -  - This is schedule
2019-11-22 13:51:00 [Mail-Thread1] INFO  c.osm.OmkarSM.batch.BatchProcessing -  - Getting a job instance
2019-11-22 13:51:00 [Mail-Thread1] INFO  c.osm.OmkarSM.batch.BatchProcessing -  - Starting the batch job
2019-11-22 13:51:00 [Mail-Thread1] INFO  c.osm.OmkarSM.batch.BatchProcessing -  - jobParameters:{time=1574410860054}
2019-11-22 13:51:01 [Mail-Thread1] INFO  c.osm.OmkarSM.batch.BatchProcessing -  - Job Status : COMPLETED
2019-11-22 13:51:01 [Mail-Thread1] INFO  c.osm.OmkarSM.batch.BatchProcessing -  - Job completed
2019-11-22 13:51:01 [Mail-Thread1] INFO  c.osm.OmkarSM.batch.BatchProcessing -  - NO marker
2019-11-22 13:51:05 [Job-Thread2] INFO  c.o.O.s.CustomSchedularConfigurer -  - Job-Thread2 The Task1 executed at Fri Nov 22 13:51:05 IST 2019
2019-11-22 13:51:06 [Mail-Thread1] INFO  c.o.O.s.CustomSchedularConfigurer -  - add to the mail thread in this way
2019-11-22 13:52:02 [Mail-Thread1] INFO  c.osm.OmkarSM.batch.BatchProcessing -  - This is schedule
2019-11-22 13:52:02 [Mail-Thread1] INFO  c.osm.OmkarSM.batch.BatchProcessing -  - Getting a job instance
2019-11-22 13:52:02 [Mail-Thread1] INFO  c.osm.OmkarSM.batch.BatchProcessing -  - Starting the batch job
2019-11-22 13:52:02 [Mail-Thread1] INFO  c.osm.OmkarSM.batch.BatchProcessing -  - jobParameters:{time=1574410922628}
2019-11-22 13:52:05 [Job-Thread2] INFO  c.o.O.s.CustomSchedularConfigurer -  - Job-Thread2 The Task1 executed at Fri Nov 22 13:52:05 IST 2019
2019-11-22 13:52:05 [Mail-Thread1] INFO  c.osm.OmkarSM.batch.BatchProcessing -  - Job Status : COMPLETED
2019-11-22 13:52:05 [Mail-Thread1] INFO  c.osm.OmkarSM.batch.BatchProcessing -  - Job completed
2019-11-22 13:52:05 [Mail-Thread1] INFO  c.osm.OmkarSM.batch.BatchProcessing -  - NO marker
2019-11-22 13:52:10 [Mail-Thread1] INFO  c.o.O.s.CustomSchedularConfigurer -  - add to the mail thread in this way
2019-11-22 13:53:00 [Mail-Thread1] INFO  c.osm.OmkarSM.batch.BatchProcessing -  - This is schedule
2019-11-22 13:53:00 [Mail-Thread1] INFO  c.osm.OmkarSM.batch.BatchProcessing -  - Getting a job instance
2019-11-22 13:53:00 [Mail-Thread1] INFO  c.osm.OmkarSM.batch.BatchProcessing -  - Starting the batch job
2019-11-22 13:53:00 [Mail-Thread1] INFO  c.osm.OmkarSM.batch.BatchProcessing -  - jobParameters:{time=1574410980053}
2019-11-22 13:53:01 [Mail-Thread1] INFO  c.osm.OmkarSM.batch.BatchProcessing -  - Job Status : COMPLETED
2019-11-22 13:53:01 [Mail-Thread1] INFO  c.osm.OmkarSM.batch.BatchProcessing -  - Job completed
2019-11-22 13:53:01 [Mail-Thread1] INFO  c.osm.OmkarSM.batch.BatchProcessing -  - NO marker
2019-11-22 13:53:05 [Job-Thread2] INFO  c.o.O.s.CustomSchedularConfigurer -  - Job-Thread2 The Task1 executed at Fri Nov 22 13:53:05 IST 2019
2019-11-22 13:53:06 [Mail-Thread1] INFO  c.o.O.s.CustomSchedularConfigurer -  - add to the mail thread in this way
2019-11-22 13:54:02 [Mail-Thread1] INFO  c.osm.OmkarSM.batch.BatchProcessing -  - This is schedule
2019-11-22 13:54:02 [Mail-Thread1] INFO  c.osm.OmkarSM.batch.BatchProcessing -  - Getting a job instance
2019-11-22 13:54:02 [Mail-Thread1] INFO  c.osm.OmkarSM.batch.BatchProcessing -  - Starting the batch job
2019-11-22 13:54:02 [Mail-Thread1] INFO  c.osm.OmkarSM.batch.BatchProcessing -  - jobParameters:{time=1574411042591}
2019-11-22 13:54:05 [Job-Thread2] INFO  c.o.O.s.CustomSchedularConfigurer -  - Job-Thread2 The Task1 executed at Fri Nov 22 13:54:05 IST 2019
2019-11-22 13:54:05 [Mail-Thread1] INFO  c.osm.OmkarSM.batch.BatchProcessing -  - Job Status : COMPLETED
2019-11-22 13:54:05 [Mail-Thread1] INFO  c.osm.OmkarSM.batch.BatchProcessing -  - Job completed
2019-11-22 13:54:05 [Mail-Thread1] INFO  c.osm.OmkarSM.batch.BatchProcessing -  - NO marker
2019-11-22 13:54:10 [Mail-Thread1] INFO  c.o.O.s.CustomSchedularConfigurer -  - add to the mail thread in this way
2019-11-22 13:55:00 [Mail-Thread1] INFO  c.osm.OmkarSM.batch.BatchProcessing -  - This is schedule
2019-11-22 13:55:00 [Mail-Thread1] INFO  c.osm.OmkarSM.batch.BatchProcessing -  - Getting a job instance
2019-11-22 13:55:00 [Mail-Thread1] INFO  c.osm.OmkarSM.batch.BatchProcessing -  - Starting the batch job
2019-11-22 13:55:00 [Mail-Thread1] INFO  c.osm.OmkarSM.batch.BatchProcessing -  - jobParameters:{time=1574411100069}
2019-11-22 13:55:01 [Mail-Thread1] INFO  c.osm.OmkarSM.batch.BatchProcessing -  - Job Status : COMPLETED
2019-11-22 13:55:01 [Mail-Thread1] INFO  c.osm.OmkarSM.batch.BatchProcessing -  - Job completed
2019-11-22 13:55:01 [Mail-Thread1] INFO  c.osm.OmkarSM.batch.BatchProcessing -  - NO marker
2019-11-22 13:55:05 [Job-Thread2] INFO  c.o.O.s.CustomSchedularConfigurer -  - Job-Thread2 The Task1 executed at Fri Nov 22 13:55:05 IST 2019
2019-11-22 13:55:06 [Mail-Thread1] INFO  c.o.O.s.CustomSchedularConfigurer -  - add to the mail thread in this way
2019-11-22 13:55:27 [RMI TCP Connection(2)-127.0.0.1] INFO  c.o.O.s.CustomSchedularConfigurer -  - Spring Container is destroyed! save queues stats in DB
2019-11-22 14:16:00 [main] INFO  c.o.O.s.CustomSchedularConfigurer -  - hello world, I have just started up
2019-11-22 14:16:00 [main] INFO  c.o.O.s.CustomSchedularConfigurer -  - Load all records from DB to ConcurrentLinkedQueue
2019-11-22 14:16:04 [Mail-Thread1] INFO  c.osm.OmkarSM.batch.BatchProcessing -  - This is schedule
2019-11-22 14:16:04 [Mail-Thread1] INFO  c.osm.OmkarSM.batch.BatchProcessing -  - Getting a job instance
2019-11-22 14:16:04 [Mail-Thread1] INFO  c.osm.OmkarSM.batch.BatchProcessing -  - Starting the batch job
2019-11-22 14:16:04 [Mail-Thread1] INFO  c.osm.OmkarSM.batch.BatchProcessing -  - jobParameters:{time=1574412364710}
2019-11-22 14:16:05 [Job-Thread1] INFO  c.o.O.s.CustomSchedularConfigurer -  - Job-Thread1 The Task1 executed at Fri Nov 22 14:16:05 IST 2019
2019-11-22 14:16:06 [Mail-Thread1] INFO  c.osm.OmkarSM.batch.BatchProcessing -  - Job Status : COMPLETED
2019-11-22 14:16:06 [Mail-Thread1] INFO  c.osm.OmkarSM.batch.BatchProcessing -  - Job completed
2019-11-22 14:16:06 [Mail-Thread1] INFO  c.osm.OmkarSM.batch.BatchProcessing -  - NO marker
2019-11-22 14:16:06 [Mail-Thread1] INFO  c.o.O.s.CustomSchedularConfigurer -  - add to the mail thread in this way
2019-11-22 14:17:00 [Mail-Thread1] INFO  c.osm.OmkarSM.batch.BatchProcessing -  - This is schedule
2019-11-22 14:17:00 [Mail-Thread1] INFO  c.osm.OmkarSM.batch.BatchProcessing -  - Getting a job instance
2019-11-22 14:17:00 [Mail-Thread1] INFO  c.osm.OmkarSM.batch.BatchProcessing -  - Starting the batch job
2019-11-22 14:17:00 [Mail-Thread1] INFO  c.osm.OmkarSM.batch.BatchProcessing -  - jobParameters:{time=1574412420722}
2019-11-22 14:17:02 [Mail-Thread1] INFO  c.osm.OmkarSM.batch.BatchProcessing -  - Job Status : COMPLETED
2019-11-22 14:17:02 [Mail-Thread1] INFO  c.osm.OmkarSM.batch.BatchProcessing -  - Job completed
2019-11-22 14:17:02 [Mail-Thread1] INFO  c.osm.OmkarSM.batch.BatchProcessing -  - NO marker
2019-11-22 14:17:05 [Job-Thread1] INFO  c.o.O.s.CustomSchedularConfigurer -  - Job-Thread1 The Task1 executed at Fri Nov 22 14:17:05 IST 2019
2019-11-22 14:17:07 [Mail-Thread1] INFO  c.o.O.s.CustomSchedularConfigurer -  - add to the mail thread in this way
2019-11-22 14:17:09 [RMI TCP Connection(2)-127.0.0.1] INFO  c.o.O.s.CustomSchedularConfigurer -  - Spring Container is destroyed! save queues stats in DB
2019-11-22 15:15:29 [main] INFO  c.o.O.s.CustomSchedularConfigurer -  - hello world, I have just started up
2019-11-22 15:15:29 [main] INFO  c.o.O.s.CustomSchedularConfigurer -  - Load all records from DB to ConcurrentLinkedQueue
2019-11-22 15:15:30 [Thread-2] INFO  c.o.O.s.CustomSchedularConfigurer -  - Spring Container is destroyed! save queues stats in DB
2019-11-22 15:20:58 [main] INFO  c.o.O.s.CustomSchedularConfigurer -  - hello world, I have just started up
2019-11-22 15:20:58 [main] INFO  c.o.O.s.CustomSchedularConfigurer -  - Load all records from DB to ConcurrentLinkedQueue
2019-11-22 15:21:02 [Mail-Thread1] INFO  c.osm.OmkarSM.batch.BatchProcessing -  - This is schedule
2019-11-22 15:21:02 [Mail-Thread1] INFO  c.osm.OmkarSM.batch.BatchProcessing -  - Getting a job instance
2019-11-22 15:21:02 [Mail-Thread1] INFO  c.osm.OmkarSM.batch.BatchProcessing -  - Starting the batch job
2019-11-22 15:21:02 [Mail-Thread1] INFO  c.osm.OmkarSM.batch.BatchProcessing -  - jobParameters:{time=1574416262792}
2019-11-22 15:21:05 [Job-Thread1] INFO  c.o.O.s.CustomSchedularConfigurer -  - Job-Thread1 The Task1 executed at Fri Nov 22 15:21:05 IST 2019
2019-11-22 15:21:05 [Mail-Thread1] INFO  c.osm.OmkarSM.batch.BatchProcessing -  - Job Status : COMPLETED
2019-11-22 15:21:05 [Mail-Thread1] INFO  c.osm.OmkarSM.batch.BatchProcessing -  - Job completed
2019-11-22 15:21:05 [Mail-Thread1] INFO  c.osm.OmkarSM.batch.BatchProcessing -  - NO marker
2019-11-22 15:21:10 [Mail-Thread1] INFO  c.o.O.s.CustomSchedularConfigurer -  - add to the mail thread in this way
2019-11-22 15:22:00 [Mail-Thread1] INFO  c.osm.OmkarSM.batch.BatchProcessing -  - This is schedule
2019-11-22 15:22:00 [Mail-Thread1] INFO  c.osm.OmkarSM.batch.BatchProcessing -  - Getting a job instance
2019-11-22 15:22:00 [Mail-Thread1] INFO  c.osm.OmkarSM.batch.BatchProcessing -  - Starting the batch job
2019-11-22 15:22:00 [Mail-Thread1] INFO  c.osm.OmkarSM.batch.BatchProcessing -  - jobParameters:{time=1574416320048}
2019-11-22 15:22:01 [Mail-Thread1] INFO  c.osm.OmkarSM.batch.BatchProcessing -  - Job Status : COMPLETED
2019-11-22 15:22:01 [Mail-Thread1] INFO  c.osm.OmkarSM.batch.BatchProcessing -  - Job completed
2019-11-22 15:22:01 [Mail-Thread1] INFO  c.osm.OmkarSM.batch.BatchProcessing -  - NO marker
2019-11-22 15:22:05 [Job-Thread1] INFO  c.o.O.s.CustomSchedularConfigurer -  - Job-Thread1 The Task1 executed at Fri Nov 22 15:22:05 IST 2019
2019-11-22 15:22:06 [Mail-Thread1] INFO  c.o.O.s.CustomSchedularConfigurer -  - add to the mail thread in this way
2019-11-22 15:22:49 [RMI TCP Connection(2)-127.0.0.1] INFO  c.o.O.s.CustomSchedularConfigurer -  - Spring Container is destroyed! save queues stats in DB
2019-11-22 15:23:02 [main] INFO  c.o.O.s.CustomSchedularConfigurer -  - hello world, I have just started up
2019-11-22 15:23:02 [main] INFO  c.o.O.s.CustomSchedularConfigurer -  - Load all records from DB to ConcurrentLinkedQueue
2019-11-22 15:23:05 [Job-Thread1] INFO  c.o.O.s.CustomSchedularConfigurer -  - Job-Thread1 The Task1 executed at Fri Nov 22 15:23:05 IST 2019
2019-11-22 15:23:07 [Mail-Thread1] INFO  c.o.O.s.CustomSchedularConfigurer -  - add to the mail thread in this way
2019-11-22 15:24:03 [Mail-Thread1] INFO  c.osm.OmkarSM.batch.BatchProcessing -  - This is schedule
2019-11-22 15:24:03 [Mail-Thread1] INFO  c.osm.OmkarSM.batch.BatchProcessing -  - Getting a job instance
2019-11-22 15:24:03 [Mail-Thread1] INFO  c.osm.OmkarSM.batch.BatchProcessing -  - Starting the batch job
2019-11-22 15:24:03 [Mail-Thread1] INFO  c.osm.OmkarSM.batch.BatchProcessing -  - jobParameters:{time=1574416443302}
2019-11-22 15:24:05 [Job-Thread1] INFO  c.o.O.s.CustomSchedularConfigurer -  - Job-Thread1 The Task1 executed at Fri Nov 22 15:24:05 IST 2019
2019-11-22 15:24:05 [Mail-Thread1] INFO  c.osm.OmkarSM.batch.BatchProcessing -  - Job Status : COMPLETED
2019-11-22 15:24:05 [Mail-Thread1] INFO  c.osm.OmkarSM.batch.BatchProcessing -  - Job completed
2019-11-22 15:24:05 [Mail-Thread1] INFO  c.osm.OmkarSM.batch.BatchProcessing -  - NO marker
2019-11-22 15:24:05 [Mail-Thread1] INFO  c.o.O.s.CustomSchedularConfigurer -  - add to the mail thread in this way
2019-11-22 15:25:00 [Mail-Thread1] INFO  c.osm.OmkarSM.batch.BatchProcessing -  - This is schedule
2019-11-22 15:25:00 [Mail-Thread1] INFO  c.osm.OmkarSM.batch.BatchProcessing -  - Getting a job instance
2019-11-22 15:25:00 [Mail-Thread1] INFO  c.osm.OmkarSM.batch.BatchProcessing -  - Starting the batch job
2019-11-22 15:25:00 [Mail-Thread1] INFO  c.osm.OmkarSM.batch.BatchProcessing -  - jobParameters:{time=1574416500047}
2019-11-22 15:25:01 [Mail-Thread1] INFO  c.osm.OmkarSM.batch.BatchProcessing -  - Job Status : COMPLETED
2019-11-22 15:25:01 [Mail-Thread1] INFO  c.osm.OmkarSM.batch.BatchProcessing -  - Job completed
2019-11-22 15:25:01 [Mail-Thread1] INFO  c.osm.OmkarSM.batch.BatchProcessing -  - NO marker
2019-11-22 15:25:05 [Job-Thread1] INFO  c.o.O.s.CustomSchedularConfigurer -  - Job-Thread1 The Task1 executed at Fri Nov 22 15:25:05 IST 2019
2019-11-22 15:25:06 [Mail-Thread1] INFO  c.o.O.s.CustomSchedularConfigurer -  - add to the mail thread in this way
2019-11-22 15:26:02 [Mail-Thread1] INFO  c.osm.OmkarSM.batch.BatchProcessing -  - This is schedule
2019-11-22 15:26:02 [Mail-Thread1] INFO  c.osm.OmkarSM.batch.BatchProcessing -  - Getting a job instance
2019-11-22 15:26:02 [Mail-Thread1] INFO  c.osm.OmkarSM.batch.BatchProcessing -  - Starting the batch job
2019-11-22 15:26:02 [Mail-Thread1] INFO  c.osm.OmkarSM.batch.BatchProcessing -  - jobParameters:{time=1574416562456}
2019-11-22 15:26:04 [Mail-Thread1] INFO  c.osm.OmkarSM.batch.BatchProcessing -  - Job Status : COMPLETED
2019-11-22 15:26:04 [Mail-Thread1] INFO  c.osm.OmkarSM.batch.BatchProcessing -  - Job completed
2019-11-22 15:26:04 [Mail-Thread1] INFO  c.osm.OmkarSM.batch.BatchProcessing -  - NO marker
2019-11-22 15:26:05 [Job-Thread1] INFO  c.o.O.s.CustomSchedularConfigurer -  - Job-Thread1 The Task1 executed at Fri Nov 22 15:26:05 IST 2019
2019-11-22 15:26:09 [Mail-Thread1] INFO  c.o.O.s.CustomSchedularConfigurer -  - add to the mail thread in this way
2019-11-22 15:27:00 [Mail-Thread1] INFO  c.osm.OmkarSM.batch.BatchProcessing -  - This is schedule
2019-11-22 15:27:00 [Mail-Thread1] INFO  c.osm.OmkarSM.batch.BatchProcessing -  - Getting a job instance
2019-11-22 15:27:00 [Mail-Thread1] INFO  c.osm.OmkarSM.batch.BatchProcessing -  - Starting the batch job
2019-11-22 15:27:00 [Mail-Thread1] INFO  c.osm.OmkarSM.batch.BatchProcessing -  - jobParameters:{time=1574416620046}
2019-11-22 15:27:01 [Mail-Thread1] INFO  c.osm.OmkarSM.batch.BatchProcessing -  - Job Status : COMPLETED
2019-11-22 15:27:01 [Mail-Thread1] INFO  c.osm.OmkarSM.batch.BatchProcessing -  - Job completed
2019-11-22 15:27:01 [Mail-Thread1] INFO  c.osm.OmkarSM.batch.BatchProcessing -  - NO marker
2019-11-22 15:27:05 [Job-Thread1] INFO  c.o.O.s.CustomSchedularConfigurer -  - Job-Thread1 The Task1 executed at Fri Nov 22 15:27:05 IST 2019
2019-11-22 15:27:06 [Mail-Thread1] INFO  c.o.O.s.CustomSchedularConfigurer -  - add to the mail thread in this way
2019-11-22 15:28:02 [Mail-Thread1] INFO  c.osm.OmkarSM.batch.BatchProcessing -  - This is schedule
2019-11-22 15:28:02 [Mail-Thread1] INFO  c.osm.OmkarSM.batch.BatchProcessing -  - Getting a job instance
2019-11-22 15:28:02 [Mail-Thread1] INFO  c.osm.OmkarSM.batch.BatchProcessing -  - Starting the batch job
2019-11-22 15:28:02 [Mail-Thread1] INFO  c.osm.OmkarSM.batch.BatchProcessing -  - jobParameters:{time=1574416682345}
2019-11-22 15:28:03 [Mail-Thread1] INFO  c.osm.OmkarSM.batch.BatchProcessing -  - Job Status : COMPLETED
2019-11-22 15:28:03 [Mail-Thread1] INFO  c.osm.OmkarSM.batch.BatchProcessing -  - Job completed
2019-11-22 15:28:03 [Mail-Thread1] INFO  c.osm.OmkarSM.batch.BatchProcessing -  - NO marker
2019-11-22 15:28:05 [Job-Thread1] INFO  c.o.O.s.CustomSchedularConfigurer -  - Job-Thread1 The Task1 executed at Fri Nov 22 15:28:05 IST 2019
2019-11-22 15:28:09 [Mail-Thread1] INFO  c.o.O.s.CustomSchedularConfigurer -  - add to the mail thread in this way
2019-11-22 15:29:00 [Mail-Thread1] INFO  c.osm.OmkarSM.batch.BatchProcessing -  - This is schedule
2019-11-22 15:29:00 [Mail-Thread1] INFO  c.osm.OmkarSM.batch.BatchProcessing -  - Getting a job instance
2019-11-22 15:29:00 [Mail-Thread1] INFO  c.osm.OmkarSM.batch.BatchProcessing -  - Starting the batch job
2019-11-22 15:29:00 [Mail-Thread1] INFO  c.osm.OmkarSM.batch.BatchProcessing -  - jobParameters:{time=1574416740043}
2019-11-22 15:29:01 [Mail-Thread1] INFO  c.osm.OmkarSM.batch.BatchProcessing -  - Job Status : COMPLETED
2019-11-22 15:29:01 [Mail-Thread1] INFO  c.osm.OmkarSM.batch.BatchProcessing -  - Job completed
2019-11-22 15:29:01 [Mail-Thread1] INFO  c.osm.OmkarSM.batch.BatchProcessing -  - NO marker
2019-11-22 15:29:05 [Job-Thread1] INFO  c.o.O.s.CustomSchedularConfigurer -  - Job-Thread1 The Task1 executed at Fri Nov 22 15:29:05 IST 2019
2019-11-22 15:29:06 [Mail-Thread1] INFO  c.o.O.s.CustomSchedularConfigurer -  - add to the mail thread in this way
2019-11-22 15:30:02 [Mail-Thread1] INFO  c.osm.OmkarSM.batch.BatchProcessing -  - This is schedule
2019-11-22 15:30:02 [Mail-Thread1] INFO  c.osm.OmkarSM.batch.BatchProcessing -  - Getting a job instance
2019-11-22 15:30:02 [Mail-Thread1] INFO  c.osm.OmkarSM.batch.BatchProcessing -  - Starting the batch job
2019-11-22 15:30:02 [Mail-Thread1] INFO  c.osm.OmkarSM.batch.BatchProcessing -  - jobParameters:{time=1574416802347}
2019-11-22 15:30:04 [Mail-Thread1] INFO  c.osm.OmkarSM.batch.BatchProcessing -  - Job Status : COMPLETED
2019-11-22 15:30:04 [Mail-Thread1] INFO  c.osm.OmkarSM.batch.BatchProcessing -  - Job completed
2019-11-22 15:30:04 [Mail-Thread1] INFO  c.osm.OmkarSM.batch.BatchProcessing -  - NO marker
2019-11-22 15:30:05 [Job-Thread1] INFO  c.o.O.s.CustomSchedularConfigurer -  - Job-Thread1 The Task1 executed at Fri Nov 22 15:30:05 IST 2019
2019-11-22 15:30:09 [Mail-Thread1] INFO  c.o.O.s.CustomSchedularConfigurer -  - add to the mail thread in this way
2019-11-22 15:31:00 [Mail-Thread1] INFO  c.osm.OmkarSM.batch.BatchProcessing -  - This is schedule
2019-11-22 15:31:00 [Mail-Thread1] INFO  c.osm.OmkarSM.batch.BatchProcessing -  - Getting a job instance
2019-11-22 15:31:00 [Mail-Thread1] INFO  c.osm.OmkarSM.batch.BatchProcessing -  - Starting the batch job
2019-11-22 15:31:00 [Mail-Thread1] INFO  c.osm.OmkarSM.batch.BatchProcessing -  - jobParameters:{time=1574416860046}
2019-11-22 15:31:01 [Mail-Thread1] INFO  c.osm.OmkarSM.batch.BatchProcessing -  - Job Status : COMPLETED
2019-11-22 15:31:01 [Mail-Thread1] INFO  c.osm.OmkarSM.batch.BatchProcessing -  - Job completed
2019-11-22 15:31:01 [Mail-Thread1] INFO  c.osm.OmkarSM.batch.BatchProcessing -  - NO marker
2019-11-22 15:31:05 [Job-Thread1] INFO  c.o.O.s.CustomSchedularConfigurer -  - Job-Thread1 The Task1 executed at Fri Nov 22 15:31:05 IST 2019
2019-11-22 15:31:06 [Mail-Thread1] INFO  c.o.O.s.CustomSchedularConfigurer -  - add to the mail thread in this way
2019-11-22 15:32:02 [Mail-Thread1] INFO  c.osm.OmkarSM.batch.BatchProcessing -  - This is schedule
2019-11-22 15:32:02 [Mail-Thread1] INFO  c.osm.OmkarSM.batch.BatchProcessing -  - Getting a job instance
2019-11-22 15:32:02 [Mail-Thread1] INFO  c.osm.OmkarSM.batch.BatchProcessing -  - Starting the batch job
2019-11-22 15:32:02 [Mail-Thread1] INFO  c.osm.OmkarSM.batch.BatchProcessing -  - jobParameters:{time=1574416922311}
2019-11-22 15:32:04 [Mail-Thread1] INFO  c.osm.OmkarSM.batch.BatchProcessing -  - Job Status : COMPLETED
2019-11-22 15:32:04 [Mail-Thread1] INFO  c.osm.OmkarSM.batch.BatchProcessing -  - Job completed
2019-11-22 15:32:04 [Mail-Thread1] INFO  c.osm.OmkarSM.batch.BatchProcessing -  - NO marker
2019-11-22 15:32:05 [Job-Thread1] INFO  c.o.O.s.CustomSchedularConfigurer -  - Job-Thread1 The Task1 executed at Fri Nov 22 15:32:05 IST 2019
2019-11-22 15:32:09 [Mail-Thread1] INFO  c.o.O.s.CustomSchedularConfigurer -  - add to the mail thread in this way
2019-11-22 15:33:00 [Mail-Thread1] INFO  c.osm.OmkarSM.batch.BatchProcessing -  - This is schedule
2019-11-22 15:33:00 [Mail-Thread1] INFO  c.osm.OmkarSM.batch.BatchProcessing -  - Getting a job instance
2019-11-22 15:33:00 [Mail-Thread1] INFO  c.osm.OmkarSM.batch.BatchProcessing -  - Starting the batch job
2019-11-22 15:33:00 [Mail-Thread1] INFO  c.osm.OmkarSM.batch.BatchProcessing -  - jobParameters:{time=1574416980056}
2019-11-22 15:33:01 [Mail-Thread1] INFO  c.osm.OmkarSM.batch.BatchProcessing -  - Job Status : COMPLETED
2019-11-22 15:33:01 [Mail-Thread1] INFO  c.osm.OmkarSM.batch.BatchProcessing -  - Job completed
2019-11-22 15:33:01 [Mail-Thread1] INFO  c.osm.OmkarSM.batch.BatchProcessing -  - NO marker
2019-11-22 15:33:05 [Job-Thread1] INFO  c.o.O.s.CustomSchedularConfigurer -  - Job-Thread1 The Task1 executed at Fri Nov 22 15:33:05 IST 2019
2019-11-22 15:33:06 [Mail-Thread1] INFO  c.o.O.s.CustomSchedularConfigurer -  - add to the mail thread in this way
2019-11-22 15:34:02 [Mail-Thread1] INFO  c.osm.OmkarSM.batch.BatchProcessing -  - This is schedule
2019-11-22 15:34:02 [Mail-Thread1] INFO  c.osm.OmkarSM.batch.BatchProcessing -  - Getting a job instance
2019-11-22 15:34:02 [Mail-Thread1] INFO  c.osm.OmkarSM.batch.BatchProcessing -  - Starting the batch job
2019-11-22 15:34:02 [Mail-Thread1] INFO  c.osm.OmkarSM.batch.BatchProcessing -  - jobParameters:{time=1574417042444}
2019-11-22 15:34:04 [Mail-Thread1] INFO  c.osm.OmkarSM.batch.BatchProcessing -  - Job Status : COMPLETED
2019-11-22 15:34:04 [Mail-Thread1] INFO  c.osm.OmkarSM.batch.BatchProcessing -  - Job completed
2019-11-22 15:34:04 [Mail-Thread1] INFO  c.osm.OmkarSM.batch.BatchProcessing -  - NO marker
2019-11-22 15:34:05 [Job-Thread2] INFO  c.o.O.s.CustomSchedularConfigurer -  - Job-Thread2 The Task1 executed at Fri Nov 22 15:34:05 IST 2019
2019-11-22 15:34:09 [Mail-Thread1] INFO  c.o.O.s.CustomSchedularConfigurer -  - add to the mail thread in this way
2019-11-22 15:35:00 [Mail-Thread1] INFO  c.osm.OmkarSM.batch.BatchProcessing -  - This is schedule
2019-11-22 15:35:00 [Mail-Thread1] INFO  c.osm.OmkarSM.batch.BatchProcessing -  - Getting a job instance
2019-11-22 15:35:00 [Mail-Thread1] INFO  c.osm.OmkarSM.batch.BatchProcessing -  - Starting the batch job
2019-11-22 15:35:00 [Mail-Thread1] INFO  c.osm.OmkarSM.batch.BatchProcessing -  - jobParameters:{time=1574417100052}
2019-11-22 15:35:01 [Mail-Thread1] INFO  c.osm.OmkarSM.batch.BatchProcessing -  - Job Status : COMPLETED
2019-11-22 15:35:01 [Mail-Thread1] INFO  c.osm.OmkarSM.batch.BatchProcessing -  - Job completed
2019-11-22 15:35:01 [Mail-Thread1] INFO  c.osm.OmkarSM.batch.BatchProcessing -  - NO marker
2019-11-22 15:35:05 [Job-Thread2] INFO  c.o.O.s.CustomSchedularConfigurer -  - Job-Thread2 The Task1 executed at Fri Nov 22 15:35:05 IST 2019
2019-11-22 15:35:06 [Mail-Thread1] INFO  c.o.O.s.CustomSchedularConfigurer -  - add to the mail thread in this way
2019-11-22 15:36:02 [Mail-Thread1] INFO  c.osm.OmkarSM.batch.BatchProcessing -  - This is schedule
2019-11-22 15:36:02 [Mail-Thread1] INFO  c.osm.OmkarSM.batch.BatchProcessing -  - Getting a job instance
2019-11-22 15:36:02 [Mail-Thread1] INFO  c.osm.OmkarSM.batch.BatchProcessing -  - Starting the batch job
2019-11-22 15:36:02 [Mail-Thread1] INFO  c.osm.OmkarSM.batch.BatchProcessing -  - jobParameters:{time=1574417162406}
2019-11-22 15:36:03 [Mail-Thread1] INFO  c.osm.OmkarSM.batch.BatchProcessing -  - Job Status : COMPLETED
2019-11-22 15:36:03 [Mail-Thread1] INFO  c.osm.OmkarSM.batch.BatchProcessing -  - Job completed
2019-11-22 15:36:03 [Mail-Thread1] INFO  c.osm.OmkarSM.batch.BatchProcessing -  - NO marker
2019-11-22 15:36:05 [Job-Thread2] INFO  c.o.O.s.CustomSchedularConfigurer -  - Job-Thread2 The Task1 executed at Fri Nov 22 15:36:05 IST 2019
2019-11-22 15:36:09 [Mail-Thread1] INFO  c.o.O.s.CustomSchedularConfigurer -  - add to the mail thread in this way
2019-11-22 15:37:00 [Mail-Thread1] INFO  c.osm.OmkarSM.batch.BatchProcessing -  - This is schedule
2019-11-22 15:37:00 [Mail-Thread1] INFO  c.osm.OmkarSM.batch.BatchProcessing -  - Getting a job instance
2019-11-22 15:37:00 [Mail-Thread1] INFO  c.osm.OmkarSM.batch.BatchProcessing -  - Starting the batch job
2019-11-22 15:37:00 [Mail-Thread1] INFO  c.osm.OmkarSM.batch.BatchProcessing -  - jobParameters:{time=1574417220047}
2019-11-22 15:37:01 [Mail-Thread1] INFO  c.osm.OmkarSM.batch.BatchProcessing -  - Job Status : COMPLETED
2019-11-22 15:37:01 [Mail-Thread1] INFO  c.osm.OmkarSM.batch.BatchProcessing -  - Job completed
2019-11-22 15:37:01 [Mail-Thread1] INFO  c.osm.OmkarSM.batch.BatchProcessing -  - NO marker
2019-11-22 15:37:05 [Job-Thread2] INFO  c.o.O.s.CustomSchedularConfigurer -  - Job-Thread2 The Task1 executed at Fri Nov 22 15:37:05 IST 2019
2019-11-22 15:37:06 [Mail-Thread1] INFO  c.o.O.s.CustomSchedularConfigurer -  - add to the mail thread in this way
2019-11-22 15:38:02 [Mail-Thread1] INFO  c.osm.OmkarSM.batch.BatchProcessing -  - This is schedule
2019-11-22 15:38:02 [Mail-Thread1] INFO  c.osm.OmkarSM.batch.BatchProcessing -  - Getting a job instance
2019-11-22 15:38:02 [Mail-Thread1] INFO  c.osm.OmkarSM.batch.BatchProcessing -  - Starting the batch job
2019-11-22 15:38:02 [Mail-Thread1] INFO  c.osm.OmkarSM.batch.BatchProcessing -  - jobParameters:{time=1574417282379}
2019-11-22 15:38:04 [Mail-Thread1] INFO  c.osm.OmkarSM.batch.BatchProcessing -  - Job Status : COMPLETED
2019-11-22 15:38:04 [Mail-Thread1] INFO  c.osm.OmkarSM.batch.BatchProcessing -  - Job completed
2019-11-22 15:38:04 [Mail-Thread1] INFO  c.osm.OmkarSM.batch.BatchProcessing -  - NO marker
2019-11-22 15:38:05 [Job-Thread1] INFO  c.o.O.s.CustomSchedularConfigurer -  - Job-Thread1 The Task1 executed at Fri Nov 22 15:38:05 IST 2019
2019-11-22 15:38:09 [Mail-Thread1] INFO  c.o.O.s.CustomSchedularConfigurer -  - add to the mail thread in this way
2019-11-22 15:39:00 [Mail-Thread1] INFO  c.osm.OmkarSM.batch.BatchProcessing -  - This is schedule
2019-11-22 15:39:00 [Mail-Thread1] INFO  c.osm.OmkarSM.batch.BatchProcessing -  - Getting a job instance
2019-11-22 15:39:00 [Mail-Thread1] INFO  c.osm.OmkarSM.batch.BatchProcessing -  - Starting the batch job
2019-11-22 15:39:00 [Mail-Thread1] INFO  c.osm.OmkarSM.batch.BatchProcessing -  - jobParameters:{time=1574417340073}
2019-11-22 15:39:01 [Mail-Thread1] INFO  c.osm.OmkarSM.batch.BatchProcessing -  - Job Status : COMPLETED
2019-11-22 15:39:01 [Mail-Thread1] INFO  c.osm.OmkarSM.batch.BatchProcessing -  - Job completed
2019-11-22 15:39:01 [Mail-Thread1] INFO  c.osm.OmkarSM.batch.BatchProcessing -  - NO marker
2019-11-22 15:39:05 [Job-Thread1] INFO  c.o.O.s.CustomSchedularConfigurer -  - Job-Thread1 The Task1 executed at Fri Nov 22 15:39:05 IST 2019
2019-11-22 15:39:06 [Mail-Thread1] INFO  c.o.O.s.CustomSchedularConfigurer -  - add to the mail thread in this way
2019-11-22 15:40:02 [Mail-Thread1] INFO  c.osm.OmkarSM.batch.BatchProcessing -  - This is schedule
2019-11-22 15:40:02 [Mail-Thread1] INFO  c.osm.OmkarSM.batch.BatchProcessing -  - Getting a job instance
2019-11-22 15:40:02 [Mail-Thread1] INFO  c.osm.OmkarSM.batch.BatchProcessing -  - Starting the batch job
2019-11-22 15:40:02 [Mail-Thread1] INFO  c.osm.OmkarSM.batch.BatchProcessing -  - jobParameters:{time=1574417402605}
2019-11-22 15:40:04 [Mail-Thread1] INFO  c.osm.OmkarSM.batch.BatchProcessing -  - Job Status : COMPLETED
2019-11-22 15:40:04 [Mail-Thread1] INFO  c.osm.OmkarSM.batch.BatchProcessing -  - Job completed
2019-11-22 15:40:04 [Mail-Thread1] INFO  c.osm.OmkarSM.batch.BatchProcessing -  - NO marker
2019-11-22 15:40:05 [Job-Thread2] INFO  c.o.O.s.CustomSchedularConfigurer -  - Job-Thread2 The Task1 executed at Fri Nov 22 15:40:05 IST 2019
2019-11-22 15:40:09 [Mail-Thread1] INFO  c.o.O.s.CustomSchedularConfigurer -  - add to the mail thread in this way
2019-11-22 15:41:00 [Mail-Thread1] INFO  c.osm.OmkarSM.batch.BatchProcessing -  - This is schedule
2019-11-22 15:41:00 [Mail-Thread1] INFO  c.osm.OmkarSM.batch.BatchProcessing -  - Getting a job instance
2019-11-22 15:41:00 [Mail-Thread1] INFO  c.osm.OmkarSM.batch.BatchProcessing -  - Starting the batch job
2019-11-22 15:41:00 [Mail-Thread1] INFO  c.osm.OmkarSM.batch.BatchProcessing -  - jobParameters:{time=1574417460049}
2019-11-22 15:41:01 [Mail-Thread1] INFO  c.osm.OmkarSM.batch.BatchProcessing -  - Job Status : COMPLETED
2019-11-22 15:41:01 [Mail-Thread1] INFO  c.osm.OmkarSM.batch.BatchProcessing -  - Job completed
2019-11-22 15:41:01 [Mail-Thread1] INFO  c.osm.OmkarSM.batch.BatchProcessing -  - NO marker
2019-11-22 15:41:05 [Job-Thread2] INFO  c.o.O.s.CustomSchedularConfigurer -  - Job-Thread2 The Task1 executed at Fri Nov 22 15:41:05 IST 2019
2019-11-22 15:41:06 [Mail-Thread1] INFO  c.o.O.s.CustomSchedularConfigurer -  - add to the mail thread in this way
2019-11-22 15:42:02 [Mail-Thread1] INFO  c.osm.OmkarSM.batch.BatchProcessing -  - This is schedule
2019-11-22 15:42:02 [Mail-Thread1] INFO  c.osm.OmkarSM.batch.BatchProcessing -  - Getting a job instance
2019-11-22 15:42:02 [Mail-Thread1] INFO  c.osm.OmkarSM.batch.BatchProcessing -  - Starting the batch job
2019-11-22 15:42:02 [Mail-Thread1] INFO  c.osm.OmkarSM.batch.BatchProcessing -  - jobParameters:{time=1574417522393}
2019-11-22 15:42:04 [Mail-Thread1] INFO  c.osm.OmkarSM.batch.BatchProcessing -  - Job Status : COMPLETED
2019-11-22 15:42:04 [Mail-Thread1] INFO  c.osm.OmkarSM.batch.BatchProcessing -  - Job completed
2019-11-22 15:42:04 [Mail-Thread1] INFO  c.osm.OmkarSM.batch.BatchProcessing -  - NO marker
2019-11-22 15:42:05 [Job-Thread2] INFO  c.o.O.s.CustomSchedularConfigurer -  - Job-Thread2 The Task1 executed at Fri Nov 22 15:42:05 IST 2019
2019-11-22 15:42:09 [Mail-Thread1] INFO  c.o.O.s.CustomSchedularConfigurer -  - add to the mail thread in this way
2019-11-22 15:43:00 [Mail-Thread1] INFO  c.osm.OmkarSM.batch.BatchProcessing -  - This is schedule
2019-11-22 15:43:00 [Mail-Thread1] INFO  c.osm.OmkarSM.batch.BatchProcessing -  - Getting a job instance
2019-11-22 15:43:00 [Mail-Thread1] INFO  c.osm.OmkarSM.batch.BatchProcessing -  - Starting the batch job
2019-11-22 15:43:00 [Mail-Thread1] INFO  c.osm.OmkarSM.batch.BatchProcessing -  - jobParameters:{time=1574417580053}
2019-11-22 15:43:01 [Mail-Thread1] INFO  c.osm.OmkarSM.batch.BatchProcessing -  - Job Status : COMPLETED
2019-11-22 15:43:01 [Mail-Thread1] INFO  c.osm.OmkarSM.batch.BatchProcessing -  - Job completed
2019-11-22 15:43:01 [Mail-Thread1] INFO  c.osm.OmkarSM.batch.BatchProcessing -  - NO marker
2019-11-22 15:43:05 [Job-Thread2] INFO  c.o.O.s.CustomSchedularConfigurer -  - Job-Thread2 The Task1 executed at Fri Nov 22 15:43:05 IST 2019
2019-11-22 15:43:06 [Mail-Thread1] INFO  c.o.O.s.CustomSchedularConfigurer -  - add to the mail thread in this way
2019-11-22 15:44:02 [Mail-Thread1] INFO  c.osm.OmkarSM.batch.BatchProcessing -  - This is schedule
2019-11-22 15:44:02 [Mail-Thread1] INFO  c.osm.OmkarSM.batch.BatchProcessing -  - Getting a job instance
2019-11-22 15:44:02 [Mail-Thread1] INFO  c.osm.OmkarSM.batch.BatchProcessing -  - Starting the batch job
2019-11-22 15:44:02 [Mail-Thread1] INFO  c.osm.OmkarSM.batch.BatchProcessing -  - jobParameters:{time=1574417642338}
2019-11-22 15:44:04 [Mail-Thread1] INFO  c.osm.OmkarSM.batch.BatchProcessing -  - Job Status : COMPLETED
2019-11-22 15:44:04 [Mail-Thread1] INFO  c.osm.OmkarSM.batch.BatchProcessing -  - Job completed
2019-11-22 15:44:04 [Mail-Thread1] INFO  c.osm.OmkarSM.batch.BatchProcessing -  - NO marker
2019-11-22 15:44:05 [Job-Thread2] INFO  c.o.O.s.CustomSchedularConfigurer -  - Job-Thread2 The Task1 executed at Fri Nov 22 15:44:05 IST 2019
2019-11-22 15:44:09 [Mail-Thread1] INFO  c.o.O.s.CustomSchedularConfigurer -  - add to the mail thread in this way
2019-11-22 15:44:55 [RMI TCP Connection(2)-127.0.0.1] INFO  c.o.O.s.CustomSchedularConfigurer -  - Spring Container is destroyed! save queues stats in DB
2019-11-22 15:51:49 [main] INFO  c.o.O.s.CustomSchedularConfigurer -  - hello world, I have just started up
2019-11-22 15:51:49 [main] INFO  c.o.O.s.CustomSchedularConfigurer -  - Load all records from DB to ConcurrentLinkedQueue
2019-11-22 15:52:01 [Mail-Thread1] INFO  c.osm.OmkarSM.batch.BatchProcessing -  - This is schedule
2019-11-22 15:52:01 [Mail-Thread1] INFO  c.osm.OmkarSM.batch.BatchProcessing -  - Getting a job instance
2019-11-22 15:52:01 [Mail-Thread1] INFO  c.osm.OmkarSM.batch.BatchProcessing -  - Starting the batch job
2019-11-22 15:52:01 [Mail-Thread1] INFO  c.osm.OmkarSM.batch.BatchProcessing -  - jobParameters:{time=1574418121185}
2019-11-22 15:52:02 [Mail-Thread1] INFO  c.osm.OmkarSM.batch.BatchProcessing -  - Job Status : COMPLETED
2019-11-22 15:52:02 [Mail-Thread1] INFO  c.osm.OmkarSM.batch.BatchProcessing -  - Job completed
2019-11-22 15:52:02 [Mail-Thread1] INFO  c.osm.OmkarSM.batch.BatchProcessing -  - NO marker
2019-11-22 15:52:05 [Job-Thread1] INFO  c.o.O.s.CustomSchedularConfigurer -  - Job-Thread1 The Task1 executed at Fri Nov 22 15:52:05 IST 2019
2019-11-22 15:52:08 [Mail-Thread1] INFO  c.o.O.s.CustomSchedularConfigurer -  - add to the mail thread in this way
2019-11-22 15:52:47 [RMI TCP Connection(2)-127.0.0.1] INFO  c.o.O.s.CustomSchedularConfigurer -  - Spring Container is destroyed! save queues stats in DB
2019-11-22 17:46:22 [main] INFO  c.o.O.s.CustomSchedularConfigurer -  - hello world, I have just started up
2019-11-22 17:46:22 [main] INFO  c.o.O.s.CustomSchedularConfigurer -  - Load all records from DB to ConcurrentLinkedQueue
2019-11-22 17:47:01 [Mail-Thread1] INFO  c.osm.OmkarSM.batch.BatchProcessing -  - This is schedule
2019-11-22 17:47:01 [Mail-Thread1] INFO  c.osm.OmkarSM.batch.BatchProcessing -  - Getting a job instance
2019-11-22 17:47:01 [Mail-Thread1] INFO  c.osm.OmkarSM.batch.BatchProcessing -  - Starting the batch job
2019-11-22 17:47:01 [Mail-Thread1] INFO  c.osm.OmkarSM.batch.BatchProcessing -  - jobParameters:{time=1574425021604}
2019-11-22 17:47:02 [Mail-Thread1] INFO  c.osm.OmkarSM.batch.BatchProcessing -  - Job Status : FAILED
2019-11-22 17:47:02 [Mail-Thread1] INFO  c.osm.OmkarSM.batch.BatchProcessing -  - Job completed
2019-11-22 17:47:02 [Mail-Thread1] INFO  c.osm.OmkarSM.batch.BatchProcessing -  - NO marker
2019-11-22 17:47:05 [Job-Thread1] INFO  c.o.O.s.CustomSchedularConfigurer -  - Job-Thread1 The Task1 executed at Fri Nov 22 17:47:05 IST 2019
2019-11-22 17:47:08 [Mail-Thread1] INFO  c.o.O.s.CustomSchedularConfigurer -  - add to the mail thread in this way
2019-11-22 17:48:04 [Mail-Thread1] INFO  c.osm.OmkarSM.batch.BatchProcessing -  - This is schedule
2019-11-22 17:48:04 [Mail-Thread1] INFO  c.osm.OmkarSM.batch.BatchProcessing -  - Getting a job instance
2019-11-22 17:48:04 [Mail-Thread1] INFO  c.osm.OmkarSM.batch.BatchProcessing -  - Starting the batch job
2019-11-22 17:48:04 [Mail-Thread1] INFO  c.osm.OmkarSM.batch.BatchProcessing -  - jobParameters:{time=1574425084603}
2019-11-22 17:48:05 [Job-Thread1] INFO  c.o.O.s.CustomSchedularConfigurer -  - Job-Thread1 The Task1 executed at Fri Nov 22 17:48:05 IST 2019
2019-11-22 17:48:05 [Mail-Thread1] INFO  c.osm.OmkarSM.batch.BatchProcessing -  - Job Status : FAILED
2019-11-22 17:48:05 [Mail-Thread1] INFO  c.osm.OmkarSM.batch.BatchProcessing -  - Job completed
2019-11-22 17:48:05 [Mail-Thread1] INFO  c.osm.OmkarSM.batch.BatchProcessing -  - NO marker
2019-11-22 17:48:05 [Mail-Thread1] INFO  c.o.O.s.CustomSchedularConfigurer -  - add to the mail thread in this way
2019-11-22 17:49:00 [Mail-Thread1] INFO  c.osm.OmkarSM.batch.BatchProcessing -  - This is schedule
2019-11-22 17:49:00 [Mail-Thread1] INFO  c.osm.OmkarSM.batch.BatchProcessing -  - Getting a job instance
2019-11-22 17:49:00 [Mail-Thread1] INFO  c.osm.OmkarSM.batch.BatchProcessing -  - Starting the batch job
2019-11-22 17:49:00 [Mail-Thread1] INFO  c.osm.OmkarSM.batch.BatchProcessing -  - jobParameters:{time=1574425140605}
2019-11-22 17:49:01 [Mail-Thread1] INFO  c.osm.OmkarSM.batch.BatchProcessing -  - Job Status : FAILED
2019-11-22 17:49:01 [Mail-Thread1] INFO  c.osm.OmkarSM.batch.BatchProcessing -  - Job completed
2019-11-22 17:49:01 [Mail-Thread1] INFO  c.osm.OmkarSM.batch.BatchProcessing -  - NO marker
2019-11-22 17:49:05 [Job-Thread1] INFO  c.o.O.s.CustomSchedularConfigurer -  - Job-Thread1 The Task1 executed at Fri Nov 22 17:49:05 IST 2019
2019-11-22 17:49:07 [Mail-Thread1] INFO  c.o.O.s.CustomSchedularConfigurer -  - add to the mail thread in this way
2019-11-22 17:49:44 [main] INFO  c.o.O.s.CustomSchedularConfigurer -  - Spring Container is destroyed! save queues stats in DB
2019-11-22 17:49:50 [RMI TCP Connection(2)-127.0.0.1] INFO  c.o.O.s.CustomSchedularConfigurer -  - Spring Container is destroyed! save queues stats in DB
2019-11-22 17:50:04 [main] INFO  c.o.O.s.CustomSchedularConfigurer -  - hello world, I have just started up
2019-11-22 17:50:04 [main] INFO  c.o.O.s.CustomSchedularConfigurer -  - Load all records from DB to ConcurrentLinkedQueue
2019-11-22 17:50:05 [Job-Thread1] INFO  c.o.O.s.CustomSchedularConfigurer -  - Job-Thread1 The Task1 executed at Fri Nov 22 17:50:05 IST 2019
2019-11-22 17:50:09 [Mail-Thread1] INFO  c.o.O.s.CustomSchedularConfigurer -  - add to the mail thread in this way
2019-11-22 17:51:00 [Mail-Thread1] INFO  c.osm.OmkarSM.batch.BatchProcessing -  - This is schedule
2019-11-22 17:51:00 [Mail-Thread1] INFO  c.osm.OmkarSM.batch.BatchProcessing -  - Getting a job instance
2019-11-22 17:51:00 [Mail-Thread1] INFO  c.osm.OmkarSM.batch.BatchProcessing -  - Starting the batch job
2019-11-22 17:51:00 [Mail-Thread1] INFO  c.osm.OmkarSM.batch.BatchProcessing -  - jobParameters:{time=1574425260051}
2019-11-22 17:51:01 [Mail-Thread1] INFO  c.osm.OmkarSM.batch.BatchProcessing -  - Job Status : COMPLETED
2019-11-22 17:51:01 [Mail-Thread1] INFO  c.osm.OmkarSM.batch.BatchProcessing -  - Job completed
2019-11-22 17:51:01 [Mail-Thread1] INFO  c.osm.OmkarSM.batch.BatchProcessing -  - NO marker
2019-11-22 17:51:05 [Job-Thread1] INFO  c.o.O.s.CustomSchedularConfigurer -  - Job-Thread1 The Task1 executed at Fri Nov 22 17:51:05 IST 2019
2019-11-22 17:51:06 [Mail-Thread1] INFO  c.o.O.s.CustomSchedularConfigurer -  - add to the mail thread in this way
2019-11-22 17:51:31 [RMI TCP Connection(2)-127.0.0.1] INFO  c.o.O.s.CustomSchedularConfigurer -  - Spring Container is destroyed! save queues stats in DB
2019-11-22 18:04:23 [main] INFO  c.o.O.s.CustomSchedularConfigurer -  - Spring Container is destroyed! save queues stats in DB
2019-11-22 18:05:19 [main] INFO  c.o.O.s.CustomSchedularConfigurer -  - hello world, I have just started up
2019-11-22 18:05:19 [main] INFO  c.o.O.s.CustomSchedularConfigurer -  - Load all records from DB to ConcurrentLinkedQueue
2019-11-22 18:06:00 [Mail-Thread1] INFO  c.osm.OmkarSM.batch.BatchProcessing -  - This is schedule
2019-11-22 18:06:00 [Mail-Thread1] INFO  c.osm.OmkarSM.batch.BatchProcessing -  - Getting a job instance
2019-11-22 18:06:00 [Mail-Thread1] INFO  c.osm.OmkarSM.batch.BatchProcessing -  - Starting the batch job
2019-11-22 18:06:00 [Mail-Thread1] INFO  c.osm.OmkarSM.batch.BatchProcessing -  - jobParameters:{time=1574426160055}
2019-11-22 18:06:01 [Mail-Thread1] INFO  c.osm.OmkarSM.batch.BatchProcessing -  - Job Status : FAILED
2019-11-22 18:06:01 [Mail-Thread1] INFO  c.osm.OmkarSM.batch.BatchProcessing -  - Job completed
2019-11-22 18:06:01 [Mail-Thread1] INFO  c.osm.OmkarSM.batch.BatchProcessing -  - NO marker
2019-11-22 18:06:05 [Job-Thread1] INFO  c.o.O.s.CustomSchedularConfigurer -  - Job-Thread1 The Task1 executed at Fri Nov 22 18:06:05 IST 2019
2019-11-22 18:06:06 [Mail-Thread1] INFO  c.o.O.s.CustomSchedularConfigurer -  - add to the mail thread in this way
2019-11-22 18:07:02 [Mail-Thread1] INFO  c.osm.OmkarSM.batch.BatchProcessing -  - This is schedule
2019-11-22 18:07:02 [Mail-Thread1] INFO  c.osm.OmkarSM.batch.BatchProcessing -  - Getting a job instance
2019-11-22 18:07:02 [Mail-Thread1] INFO  c.osm.OmkarSM.batch.BatchProcessing -  - Starting the batch job
2019-11-22 18:07:02 [Mail-Thread1] INFO  c.osm.OmkarSM.batch.BatchProcessing -  - jobParameters:{time=1574426222326}
2019-11-22 18:07:02 [Mail-Thread1] INFO  c.osm.OmkarSM.batch.BatchProcessing -  - Job Status : FAILED
2019-11-22 18:07:02 [Mail-Thread1] INFO  c.osm.OmkarSM.batch.BatchProcessing -  - Job completed
2019-11-22 18:07:02 [Mail-Thread1] INFO  c.osm.OmkarSM.batch.BatchProcessing -  - NO marker
2019-11-22 18:07:05 [Job-Thread1] INFO  c.o.O.s.CustomSchedularConfigurer -  - Job-Thread1 The Task1 executed at Fri Nov 22 18:07:05 IST 2019
2019-11-22 18:07:09 [Mail-Thread1] INFO  c.o.O.s.CustomSchedularConfigurer -  - add to the mail thread in this way
2019-11-22 18:08:00 [Mail-Thread1] INFO  c.osm.OmkarSM.batch.BatchProcessing -  - This is schedule
2019-11-22 18:08:00 [Mail-Thread1] INFO  c.osm.OmkarSM.batch.BatchProcessing -  - Getting a job instance
2019-11-22 18:08:00 [Mail-Thread1] INFO  c.osm.OmkarSM.batch.BatchProcessing -  - Starting the batch job
2019-11-22 18:08:00 [Mail-Thread1] INFO  c.osm.OmkarSM.batch.BatchProcessing -  - jobParameters:{time=1574426280052}
2019-11-22 18:08:00 [Mail-Thread1] INFO  c.osm.OmkarSM.batch.BatchProcessing -  - Job Status : FAILED
2019-11-22 18:08:00 [Mail-Thread1] INFO  c.osm.OmkarSM.batch.BatchProcessing -  - Job completed
2019-11-22 18:08:00 [Mail-Thread1] INFO  c.osm.OmkarSM.batch.BatchProcessing -  - NO marker
2019-11-22 18:08:05 [Job-Thread1] INFO  c.o.O.s.CustomSchedularConfigurer -  - Job-Thread1 The Task1 executed at Fri Nov 22 18:08:05 IST 2019
2019-11-22 18:08:05 [Mail-Thread1] INFO  c.o.O.s.CustomSchedularConfigurer -  - add to the mail thread in this way
2019-11-22 18:09:01 [Mail-Thread1] INFO  c.osm.OmkarSM.batch.BatchProcessing -  - This is schedule
2019-11-22 18:09:01 [Mail-Thread1] INFO  c.osm.OmkarSM.batch.BatchProcessing -  - Getting a job instance
2019-11-22 18:09:01 [Mail-Thread1] INFO  c.osm.OmkarSM.batch.BatchProcessing -  - Starting the batch job
2019-11-22 18:09:01 [Mail-Thread1] INFO  c.osm.OmkarSM.batch.BatchProcessing -  - jobParameters:{time=1574426341795}
2019-11-22 18:09:01 [RMI TCP Connection(2)-127.0.0.1] INFO  c.o.O.s.CustomSchedularConfigurer -  - Spring Container is destroyed! save queues stats in DB
2019-11-22 18:09:01 [Mail-Thread1] INFO  c.osm.OmkarSM.batch.BatchProcessing -  - Job failed
2019-11-22 18:11:07 [main] INFO  c.o.O.s.CustomSchedularConfigurer -  - hello world, I have just started up
2019-11-22 18:11:07 [main] INFO  c.o.O.s.CustomSchedularConfigurer -  - Load all records from DB to ConcurrentLinkedQueue
2019-11-22 18:12:00 [Mail-Thread1] INFO  c.osm.OmkarSM.batch.BatchProcessing -  - This is schedule
2019-11-22 18:12:00 [Mail-Thread1] INFO  c.osm.OmkarSM.batch.BatchProcessing -  - Getting a job instance
2019-11-22 18:12:00 [Mail-Thread1] INFO  c.osm.OmkarSM.batch.BatchProcessing -  - Starting the batch job
2019-11-22 18:12:00 [Mail-Thread1] INFO  c.osm.OmkarSM.batch.BatchProcessing -  - jobParameters:{time=1574426520911}
2019-11-22 18:12:01 [Mail-Thread1] INFO  c.osm.OmkarSM.batch.BatchProcessing -  - Job Status : FAILED
2019-11-22 18:12:01 [Mail-Thread1] INFO  c.osm.OmkarSM.batch.BatchProcessing -  - Job completed
2019-11-22 18:12:01 [Mail-Thread1] INFO  c.osm.OmkarSM.batch.BatchProcessing -  - NO marker
2019-11-22 18:12:05 [Job-Thread1] INFO  c.o.O.s.CustomSchedularConfigurer -  - Job-Thread1 The Task1 executed at Fri Nov 22 18:12:05 IST 2019
2019-11-22 18:12:07 [Mail-Thread1] INFO  c.o.O.s.CustomSchedularConfigurer -  - add to the mail thread in this way
2019-11-22 18:13:03 [Mail-Thread1] INFO  c.osm.OmkarSM.batch.BatchProcessing -  - This is schedule
2019-11-22 18:13:03 [Mail-Thread1] INFO  c.osm.OmkarSM.batch.BatchProcessing -  - Getting a job instance
2019-11-22 18:13:03 [Mail-Thread1] INFO  c.osm.OmkarSM.batch.BatchProcessing -  - Starting the batch job
2019-11-22 18:13:03 [Mail-Thread1] INFO  c.osm.OmkarSM.batch.BatchProcessing -  - jobParameters:{time=1574426583913}
2019-11-22 18:13:05 [Job-Thread1] INFO  c.o.O.s.CustomSchedularConfigurer -  - Job-Thread1 The Task1 executed at Fri Nov 22 18:13:05 IST 2019
2019-11-22 18:13:05 [Mail-Thread1] INFO  c.osm.OmkarSM.batch.BatchProcessing -  - Job Status : FAILED
2019-11-22 18:13:05 [Mail-Thread1] INFO  c.osm.OmkarSM.batch.BatchProcessing -  - Job completed
2019-11-22 18:13:05 [Mail-Thread1] INFO  c.osm.OmkarSM.batch.BatchProcessing -  - NO marker
2019-11-22 18:13:05 [Mail-Thread1] INFO  c.o.O.s.CustomSchedularConfigurer -  - add to the mail thread in this way
2019-11-22 18:14:00 [Mail-Thread1] INFO  c.osm.OmkarSM.batch.BatchProcessing -  - This is schedule
2019-11-22 18:14:00 [Mail-Thread1] INFO  c.osm.OmkarSM.batch.BatchProcessing -  - Getting a job instance
2019-11-22 18:14:00 [Mail-Thread1] INFO  c.osm.OmkarSM.batch.BatchProcessing -  - Starting the batch job
2019-11-22 18:14:00 [Mail-Thread1] INFO  c.osm.OmkarSM.batch.BatchProcessing -  - jobParameters:{time=1574426640044}
2019-11-22 18:14:00 [Mail-Thread1] INFO  c.osm.OmkarSM.batch.BatchProcessing -  - Job Status : FAILED
2019-11-22 18:14:00 [Mail-Thread1] INFO  c.osm.OmkarSM.batch.BatchProcessing -  - Job completed
2019-11-22 18:14:00 [Mail-Thread1] INFO  c.osm.OmkarSM.batch.BatchProcessing -  - NO marker
2019-11-22 18:14:05 [Job-Thread1] INFO  c.o.O.s.CustomSchedularConfigurer -  - Job-Thread1 The Task1 executed at Fri Nov 22 18:14:05 IST 2019
2019-11-22 18:14:06 [Mail-Thread1] INFO  c.o.O.s.CustomSchedularConfigurer -  - add to the mail thread in this way
2019-11-22 18:15:02 [Mail-Thread1] INFO  c.osm.OmkarSM.batch.BatchProcessing -  - This is schedule
2019-11-22 18:15:02 [Mail-Thread1] INFO  c.osm.OmkarSM.batch.BatchProcessing -  - Getting a job instance
2019-11-22 18:15:02 [Mail-Thread1] INFO  c.osm.OmkarSM.batch.BatchProcessing -  - Starting the batch job
2019-11-22 18:15:02 [Mail-Thread1] INFO  c.osm.OmkarSM.batch.BatchProcessing -  - jobParameters:{time=1574426702920}
2019-11-22 18:15:03 [Mail-Thread1] INFO  c.osm.OmkarSM.batch.BatchProcessing -  - Job Status : FAILED
2019-11-22 18:15:03 [Mail-Thread1] INFO  c.osm.OmkarSM.batch.BatchProcessing -  - Job completed
2019-11-22 18:15:03 [Mail-Thread1] INFO  c.osm.OmkarSM.batch.BatchProcessing -  - NO marker
2019-11-22 18:15:05 [Job-Thread1] INFO  c.o.O.s.CustomSchedularConfigurer -  - Job-Thread1 The Task1 executed at Fri Nov 22 18:15:05 IST 2019
2019-11-22 18:15:09 [Mail-Thread1] INFO  c.o.O.s.CustomSchedularConfigurer -  - add to the mail thread in this way
2019-11-22 18:15:49 [RMI TCP Connection(2)-127.0.0.1] INFO  c.o.O.s.CustomSchedularConfigurer -  - Spring Container is destroyed! save queues stats in DB
2019-11-22 18:16:04 [main] INFO  c.o.O.s.CustomSchedularConfigurer -  - hello world, I have just started up
2019-11-22 18:16:04 [main] INFO  c.o.O.s.CustomSchedularConfigurer -  - Load all records from DB to ConcurrentLinkedQueue
2019-11-22 18:16:05 [Job-Thread1] INFO  c.o.O.s.CustomSchedularConfigurer -  - Job-Thread1 The Task1 executed at Fri Nov 22 18:16:05 IST 2019
2019-11-22 18:16:09 [Mail-Thread1] INFO  c.o.O.s.CustomSchedularConfigurer -  - add to the mail thread in this way
2019-11-22 18:17:00 [Mail-Thread1] INFO  c.osm.OmkarSM.batch.BatchProcessing -  - This is schedule
2019-11-22 18:17:00 [Mail-Thread1] INFO  c.osm.OmkarSM.batch.BatchProcessing -  - Getting a job instance
2019-11-22 18:17:00 [Mail-Thread1] INFO  c.osm.OmkarSM.batch.BatchProcessing -  - Starting the batch job
2019-11-22 18:17:00 [Mail-Thread1] INFO  c.osm.OmkarSM.batch.BatchProcessing -  - jobParameters:{time=1574426820068}
2019-11-22 18:17:00 [Mail-Thread1] INFO  c.osm.OmkarSM.batch.BatchProcessing -  - Job Status : FAILED
2019-11-22 18:17:00 [Mail-Thread1] INFO  c.osm.OmkarSM.batch.BatchProcessing -  - Job completed
2019-11-22 18:17:00 [Mail-Thread1] INFO  c.osm.OmkarSM.batch.BatchProcessing -  - NO marker
2019-11-22 18:17:05 [Job-Thread1] INFO  c.o.O.s.CustomSchedularConfigurer -  - Job-Thread1 The Task1 executed at Fri Nov 22 18:17:05 IST 2019
2019-11-22 18:17:05 [Mail-Thread1] INFO  c.o.O.s.CustomSchedularConfigurer -  - add to the mail thread in this way
2019-11-22 18:18:01 [Mail-Thread1] INFO  c.osm.OmkarSM.batch.BatchProcessing -  - This is schedule
2019-11-22 18:18:01 [Mail-Thread1] INFO  c.osm.OmkarSM.batch.BatchProcessing -  - Getting a job instance
2019-11-22 18:18:01 [Mail-Thread1] INFO  c.osm.OmkarSM.batch.BatchProcessing -  - Starting the batch job
2019-11-22 18:18:01 [Mail-Thread1] INFO  c.osm.OmkarSM.batch.BatchProcessing -  - jobParameters:{time=1574426881957}
2019-11-22 18:18:02 [Mail-Thread1] INFO  c.osm.OmkarSM.batch.BatchProcessing -  - Job Status : FAILED
2019-11-22 18:18:02 [Mail-Thread1] INFO  c.osm.OmkarSM.batch.BatchProcessing -  - Job completed
2019-11-22 18:18:02 [Mail-Thread1] INFO  c.osm.OmkarSM.batch.BatchProcessing -  - NO marker
2019-11-22 18:18:05 [Job-Thread1] INFO  c.o.O.s.CustomSchedularConfigurer -  - Job-Thread1 The Task1 executed at Fri Nov 22 18:18:05 IST 2019
2019-11-22 18:18:08 [Mail-Thread1] INFO  c.o.O.s.CustomSchedularConfigurer -  - add to the mail thread in this way
2019-11-22 18:19:04 [Mail-Thread1] INFO  c.osm.OmkarSM.batch.BatchProcessing -  - This is schedule
2019-11-22 18:19:04 [Mail-Thread1] INFO  c.osm.OmkarSM.batch.BatchProcessing -  - Getting a job instance
2019-11-22 18:19:04 [Mail-Thread1] INFO  c.osm.OmkarSM.batch.BatchProcessing -  - Starting the batch job
2019-11-22 18:19:04 [Mail-Thread1] INFO  c.osm.OmkarSM.batch.BatchProcessing -  - jobParameters:{time=1574426944960}
2019-11-22 18:19:05 [Job-Thread1] INFO  c.o.O.s.CustomSchedularConfigurer -  - Job-Thread1 The Task1 executed at Fri Nov 22 18:19:05 IST 2019
2019-11-22 18:19:05 [Mail-Thread1] INFO  c.osm.OmkarSM.batch.BatchProcessing -  - Job Status : FAILED
2019-11-22 18:19:05 [Mail-Thread1] INFO  c.osm.OmkarSM.batch.BatchProcessing -  - Job completed
2019-11-22 18:19:05 [Mail-Thread1] INFO  c.osm.OmkarSM.batch.BatchProcessing -  - NO marker
2019-11-22 18:19:05 [Mail-Thread1] INFO  c.o.O.s.CustomSchedularConfigurer -  - add to the mail thread in this way
2019-11-22 18:19:05 [RMI TCP Connection(2)-127.0.0.1] INFO  c.o.O.s.CustomSchedularConfigurer -  - Spring Container is destroyed! save queues stats in DB
2019-11-22 18:19:20 [main] INFO  c.o.O.s.CustomSchedularConfigurer -  - hello world, I have just started up
2019-11-22 18:19:20 [main] INFO  c.o.O.s.CustomSchedularConfigurer -  - Load all records from DB to ConcurrentLinkedQueue
2019-11-22 18:20:00 [Mail-Thread1] INFO  c.osm.OmkarSM.batch.BatchProcessing -  - This is schedule
2019-11-22 18:20:00 [Mail-Thread1] INFO  c.osm.OmkarSM.batch.BatchProcessing -  - Getting a job instance
2019-11-22 18:20:00 [Mail-Thread1] INFO  c.osm.OmkarSM.batch.BatchProcessing -  - Starting the batch job
2019-11-22 18:20:00 [Mail-Thread1] INFO  c.osm.OmkarSM.batch.BatchProcessing -  - jobParameters:{time=1574427000242}
2019-11-22 18:20:01 [Mail-Thread1] INFO  c.osm.OmkarSM.batch.BatchProcessing -  - Job Status : FAILED
2019-11-22 18:20:01 [Mail-Thread1] INFO  c.osm.OmkarSM.batch.BatchProcessing -  - Job completed
2019-11-22 18:20:01 [Mail-Thread1] INFO  c.osm.OmkarSM.batch.BatchProcessing -  - NO marker
2019-11-22 18:20:05 [Job-Thread1] INFO  c.o.O.s.CustomSchedularConfigurer -  - Job-Thread1 The Task1 executed at Fri Nov 22 18:20:05 IST 2019
2019-11-22 18:20:07 [Mail-Thread1] INFO  c.o.O.s.CustomSchedularConfigurer -  - add to the mail thread in this way
2019-11-22 18:21:03 [Mail-Thread1] INFO  c.osm.OmkarSM.batch.BatchProcessing -  - This is schedule
2019-11-22 18:21:03 [Mail-Thread1] INFO  c.osm.OmkarSM.batch.BatchProcessing -  - Getting a job instance
2019-11-22 18:21:03 [Mail-Thread1] INFO  c.osm.OmkarSM.batch.BatchProcessing -  - Starting the batch job
2019-11-22 18:21:03 [Mail-Thread1] INFO  c.osm.OmkarSM.batch.BatchProcessing -  - jobParameters:{time=1574427063240}
2019-11-22 18:21:04 [Mail-Thread1] INFO  c.osm.OmkarSM.batch.BatchProcessing -  - Job Status : FAILED
2019-11-22 18:21:04 [Mail-Thread1] INFO  c.osm.OmkarSM.batch.BatchProcessing -  - Job completed
2019-11-22 18:21:04 [Mail-Thread1] INFO  c.osm.OmkarSM.batch.BatchProcessing -  - NO marker
2019-11-22 18:21:05 [Job-Thread1] INFO  c.o.O.s.CustomSchedularConfigurer -  - Job-Thread1 The Task1 executed at Fri Nov 22 18:21:05 IST 2019
2019-11-22 18:21:05 [Mail-Thread1] INFO  c.o.O.s.CustomSchedularConfigurer -  - add to the mail thread in this way
2019-11-22 18:22:00 [Mail-Thread1] INFO  c.osm.OmkarSM.batch.BatchProcessing -  - This is schedule
2019-11-22 18:22:00 [Mail-Thread1] INFO  c.osm.OmkarSM.batch.BatchProcessing -  - Getting a job instance
2019-11-22 18:22:00 [Mail-Thread1] INFO  c.osm.OmkarSM.batch.BatchProcessing -  - Starting the batch job
2019-11-22 18:22:00 [Mail-Thread1] INFO  c.osm.OmkarSM.batch.BatchProcessing -  - jobParameters:{time=1574427120051}
2019-11-22 18:22:00 [Mail-Thread1] INFO  c.osm.OmkarSM.batch.BatchProcessing -  - Job Status : FAILED
2019-11-22 18:22:00 [Mail-Thread1] INFO  c.osm.OmkarSM.batch.BatchProcessing -  - Job completed
2019-11-22 18:22:00 [Mail-Thread1] INFO  c.osm.OmkarSM.batch.BatchProcessing -  - NO marker
2019-11-22 18:22:05 [Job-Thread1] INFO  c.o.O.s.CustomSchedularConfigurer -  - Job-Thread1 The Task1 executed at Fri Nov 22 18:22:05 IST 2019
2019-11-22 18:22:06 [Mail-Thread1] INFO  c.o.O.s.CustomSchedularConfigurer -  - add to the mail thread in this way
2019-11-22 18:22:07 [RMI TCP Connection(2)-127.0.0.1] INFO  c.o.O.s.CustomSchedularConfigurer -  - Spring Container is destroyed! save queues stats in DB
2019-11-22 18:28:00 [main] INFO  c.o.O.s.CustomSchedularConfigurer -  - hello world, I have just started up
2019-11-22 18:28:00 [main] INFO  c.o.O.s.CustomSchedularConfigurer -  - Load all records from DB to ConcurrentLinkedQueue
2019-11-22 18:28:04 [Mail-Thread1] INFO  c.osm.OmkarSM.batch.BatchProcessing -  - This is schedule
2019-11-22 18:28:04 [Mail-Thread1] INFO  c.osm.OmkarSM.batch.BatchProcessing -  - Getting a job instance
2019-11-22 18:28:04 [Mail-Thread1] INFO  c.osm.OmkarSM.batch.BatchProcessing -  - Starting the batch job
2019-11-22 18:28:04 [Mail-Thread1] INFO  c.osm.OmkarSM.batch.BatchProcessing -  - jobParameters:{time=1574427484636}
2019-11-22 18:28:05 [Job-Thread1] INFO  c.o.O.s.CustomSchedularConfigurer -  - Job-Thread1 The Task1 executed at Fri Nov 22 18:28:05 IST 2019
2019-11-22 18:28:05 [Mail-Thread1] INFO  c.osm.OmkarSM.batch.BatchProcessing -  - Job Status : FAILED
2019-11-22 18:28:05 [Mail-Thread1] INFO  c.osm.OmkarSM.batch.BatchProcessing -  - Job completed
2019-11-22 18:28:05 [Mail-Thread1] INFO  c.osm.OmkarSM.batch.BatchProcessing -  - NO marker
2019-11-22 18:28:05 [Mail-Thread1] INFO  c.o.O.s.CustomSchedularConfigurer -  - add to the mail thread in this way
2019-11-22 18:28:09 [RMI TCP Connection(2)-127.0.0.1] INFO  c.o.O.s.CustomSchedularConfigurer -  - Spring Container is destroyed! save queues stats in DB
2019-11-22 18:29:23 [main] INFO  c.o.O.s.CustomSchedularConfigurer -  - hello world, I have just started up
2019-11-22 18:29:23 [main] INFO  c.o.O.s.CustomSchedularConfigurer -  - Load all records from DB to ConcurrentLinkedQueue
2019-11-22 18:30:03 [Mail-Thread1] INFO  c.osm.OmkarSM.batch.BatchProcessing -  - This is schedule
2019-11-22 18:30:03 [Mail-Thread1] INFO  c.osm.OmkarSM.batch.BatchProcessing -  - Getting a job instance
2019-11-22 18:30:03 [Mail-Thread1] INFO  c.osm.OmkarSM.batch.BatchProcessing -  - Starting the batch job
2019-11-22 18:30:03 [Mail-Thread1] INFO  c.osm.OmkarSM.batch.BatchProcessing -  - jobParameters:{time=1574427603308}
2019-11-22 18:30:04 [Mail-Thread1] INFO  c.osm.OmkarSM.batch.BatchProcessing -  - Job Status : FAILED
2019-11-22 18:30:04 [Mail-Thread1] INFO  c.osm.OmkarSM.batch.BatchProcessing -  - Job completed
2019-11-22 18:30:04 [Mail-Thread1] INFO  c.osm.OmkarSM.batch.BatchProcessing -  - NO marker
2019-11-22 18:30:05 [Job-Thread1] INFO  c.o.O.s.CustomSchedularConfigurer -  - Job-Thread1 The Task1 executed at Fri Nov 22 18:30:05 IST 2019
2019-11-22 18:30:05 [Mail-Thread1] INFO  c.o.O.s.CustomSchedularConfigurer -  - add to the mail thread in this way
2019-11-22 18:31:00 [Mail-Thread1] INFO  c.osm.OmkarSM.batch.BatchProcessing -  - This is schedule
2019-11-22 18:31:00 [Mail-Thread1] INFO  c.osm.OmkarSM.batch.BatchProcessing -  - Getting a job instance
2019-11-22 18:31:00 [Mail-Thread1] INFO  c.osm.OmkarSM.batch.BatchProcessing -  - Starting the batch job
2019-11-22 18:31:00 [Mail-Thread1] INFO  c.osm.OmkarSM.batch.BatchProcessing -  - jobParameters:{time=1574427660041}
2019-11-22 18:31:00 [Mail-Thread1] INFO  c.osm.OmkarSM.batch.BatchProcessing -  - Job Status : FAILED
2019-11-22 18:31:00 [Mail-Thread1] INFO  c.osm.OmkarSM.batch.BatchProcessing -  - Job completed
2019-11-22 18:31:00 [Mail-Thread1] INFO  c.osm.OmkarSM.batch.BatchProcessing -  - NO marker
2019-11-22 18:31:05 [Job-Thread1] INFO  c.o.O.s.CustomSchedularConfigurer -  - Job-Thread1 The Task1 executed at Fri Nov 22 18:31:05 IST 2019
2019-11-22 18:31:06 [Mail-Thread1] INFO  c.o.O.s.CustomSchedularConfigurer -  - add to the mail thread in this way
2019-11-22 18:31:47 [RMI TCP Connection(2)-127.0.0.1] INFO  c.o.O.s.CustomSchedularConfigurer -  - Spring Container is destroyed! save queues stats in DB
